              :-) GROMACS - gmx mdrun, 2020.1-Ubuntu-2020.1-1 (-:

                            GROMACS is written by:
     Emile Apol      Rossen Apostolov      Paul Bauer     Herman J.C. Berendsen
    Par Bjelkmar      Christian Blau   Viacheslav Bolnykh     Kevin Boyd    
 Aldert van Buuren   Rudi van Drunen     Anton Feenstra       Alan Gray     
  Gerrit Groenhof     Anca Hamuraru    Vincent Hindriksen  M. Eric Irrgang  
  Aleksei Iupinov   Christoph Junghans     Joe Jordan     Dimitrios Karkoulis
    Peter Kasson        Jiri Kraus      Carsten Kutzner      Per Larsson    
  Justin A. Lemkul    Viveca Lindahl    Magnus Lundborg     Erik Marklund   
    Pascal Merz     Pieter Meulenhoff    Teemu Murtola       Szilard Pall   
    Sander Pronk      Roland Schulz      Michael Shirts    Alexey Shvetsov  
   Alfons Sijbers     Peter Tieleman      Jon Vincent      Teemu Virolainen 
 Christian Wennberg    Maarten Wolf      Artem Zhmurov   
                           and the project leaders:
        Mark Abraham, Berk Hess, Erik Lindahl, and David van der Spoel

Copyright (c) 1991-2000, University of Groningen, The Netherlands.
Copyright (c) 2001-2019, The GROMACS development team at
Uppsala University, Stockholm University and
the Royal Institute of Technology, Sweden.
check out http://www.gromacs.org for more information.

GROMACS is free software; you can redistribute it and/or modify it
under the terms of the GNU Lesser General Public License
as published by the Free Software Foundation; either version 2.1
of the License, or (at your option) any later version.

GROMACS:      gmx mdrun, version 2020.1-Ubuntu-2020.1-1
Executable:   /usr/bin/gmx
Data prefix:  /usr
Working dir:  /home/runner/work/gromacs-tutorial/gromacs-tutorial
Process ID:   3221
Command line:
  gmx mdrun -deffnm nvt

GROMACS version:    2020.1-Ubuntu-2020.1-1
Precision:          single
Memory model:       64 bit
MPI library:        thread_mpi
OpenMP support:     enabled (GMX_OPENMP_MAX_THREADS = 64)
GPU support:        disabled
SIMD instructions:  SSE2
FFT library:        fftw-3.3.8-sse2-avx
RDTSCP usage:       disabled
TNG support:        enabled
Hwloc support:      hwloc-2.1.0
Tracing support:    disabled
C compiler:         /usr/bin/cc GNU 9.3.0
C compiler flags:   -msse2 -fexcess-precision=fast -funroll-all-loops
C++ compiler:       /usr/bin/c++ GNU 9.3.0
C++ compiler flags: -msse2 -fexcess-precision=fast -funroll-all-loops -fopenmp


Running on 1 node with total 2 cores, 2 logical cores
Hardware detected:
  CPU info:
    Vendor: Intel
    Brand:  Intel(R) Xeon(R) CPU E5-2673 v4 @ 2.30GHz
    Family: 6   Model: 79   Stepping: 1
    Features: aes apic avx avx2 clfsh cmov cx8 cx16 f16c fma hle intel lahf mmx msr pcid pclmuldq pdpe1gb popcnt pse rdrnd rdtscp rtm sse2 sse3 sse4.1 sse4.2 ssse3
  Hardware topology: Full, with devices
    Sockets, cores, and logical processors:
      Socket  0: [   0] [   1]
    Numa nodes:
      Node  0 (7263735808 bytes mem):   0   1
      Latency:
               0
         0  1.00
    Caches:
      L1: 32768 bytes, linesize 64 bytes, assoc. 8, shared 1 ways
      L2: 262144 bytes, linesize 64 bytes, assoc. 8, shared 1 ways
      L3: 52428800 bytes, linesize 64 bytes, assoc. 20, shared 2 ways
    PCI devices:
      0000:00:07.1  Id: 8086:7111  Class: 0x0101  Numa: 0
      0000:00:08.0  Id: 1414:5353  Class: 0x0300  Numa: 0

Highest SIMD level requested by all nodes in run: AVX2_256
SIMD instructions selected at compile time:       SSE2
This program was compiled for different hardware than you are running on,
which could influence performance.
The current CPU can measure timings more accurately than the code in
gmx mdrun was configured to use. This might affect your simulation
speed as accurate timings are needed for load-balancing.
Please consider rebuilding gmx mdrun with the GMX_USE_RDTSCP=ON CMake option.

++++ PLEASE READ AND CITE THE FOLLOWING REFERENCE ++++
M. J. Abraham, T. Murtola, R. Schulz, S. Páll, J. C. Smith, B. Hess, E.
Lindahl
GROMACS: High performance molecular simulations through multi-level
parallelism from laptops to supercomputers
SoftwareX 1 (2015) pp. 19-25
-------- -------- --- Thank You --- -------- --------


++++ PLEASE READ AND CITE THE FOLLOWING REFERENCE ++++
S. Páll, M. J. Abraham, C. Kutzner, B. Hess, E. Lindahl
Tackling Exascale Software Challenges in Molecular Dynamics Simulations with
GROMACS
In S. Markidis & E. Laure (Eds.), Solving Software Challenges for Exascale 8759 (2015) pp. 3-27
-------- -------- --- Thank You --- -------- --------


++++ PLEASE READ AND CITE THE FOLLOWING REFERENCE ++++
S. Pronk, S. Páll, R. Schulz, P. Larsson, P. Bjelkmar, R. Apostolov, M. R.
Shirts, J. C. Smith, P. M. Kasson, D. van der Spoel, B. Hess, and E. Lindahl
GROMACS 4.5: a high-throughput and highly parallel open source molecular
simulation toolkit
Bioinformatics 29 (2013) pp. 845-54
-------- -------- --- Thank You --- -------- --------


++++ PLEASE READ AND CITE THE FOLLOWING REFERENCE ++++
B. Hess and C. Kutzner and D. van der Spoel and E. Lindahl
GROMACS 4: Algorithms for highly efficient, load-balanced, and scalable
molecular simulation
J. Chem. Theory Comput. 4 (2008) pp. 435-447
-------- -------- --- Thank You --- -------- --------


++++ PLEASE READ AND CITE THE FOLLOWING REFERENCE ++++
D. van der Spoel, E. Lindahl, B. Hess, G. Groenhof, A. E. Mark and H. J. C.
Berendsen
GROMACS: Fast, Flexible and Free
J. Comp. Chem. 26 (2005) pp. 1701-1719
-------- -------- --- Thank You --- -------- --------


++++ PLEASE READ AND CITE THE FOLLOWING REFERENCE ++++
E. Lindahl and B. Hess and D. van der Spoel
GROMACS 3.0: A package for molecular simulation and trajectory analysis
J. Mol. Mod. 7 (2001) pp. 306-317
-------- -------- --- Thank You --- -------- --------


++++ PLEASE READ AND CITE THE FOLLOWING REFERENCE ++++
H. J. C. Berendsen, D. van der Spoel and R. van Drunen
GROMACS: A message-passing parallel molecular dynamics implementation
Comp. Phys. Comm. 91 (1995) pp. 43-56
-------- -------- --- Thank You --- -------- --------

Input Parameters:
   integrator                     = md
   tinit                          = 0
   dt                             = 0.002
   nsteps                         = 50000
   init-step                      = 0
   simulation-part                = 1
   comm-mode                      = Linear
   nstcomm                        = 100
   bd-fric                        = 0
   ld-seed                        = 1207818145
   emtol                          = 10
   emstep                         = 0.01
   niter                          = 20
   fcstep                         = 0
   nstcgsteep                     = 1000
   nbfgscorr                      = 10
   rtpi                           = 0.05
   nstxout                        = 500
   nstvout                        = 500
   nstfout                        = 0
   nstlog                         = 500
   nstcalcenergy                  = 100
   nstenergy                      = 500
   nstxout-compressed             = 0
   compressed-x-precision         = 1000
   cutoff-scheme                  = Verlet
   nstlist                        = 10
   pbc                            = xyz
   periodic-molecules             = false
   verlet-buffer-tolerance        = 0.005
   rlist                          = 1
   coulombtype                    = PME
   coulomb-modifier               = Potential-shift
   rcoulomb-switch                = 0
   rcoulomb                       = 1
   epsilon-r                      = 1
   epsilon-rf                     = inf
   vdw-type                       = Cut-off
   vdw-modifier                   = Potential-shift
   rvdw-switch                    = 0
   rvdw                           = 1
   DispCorr                       = EnerPres
   table-extension                = 1
   fourierspacing                 = 0.16
   fourier-nx                     = 24
   fourier-ny                     = 24
   fourier-nz                     = 24
   pme-order                      = 4
   ewald-rtol                     = 1e-05
   ewald-rtol-lj                  = 0.001
   lj-pme-comb-rule               = Geometric
   ewald-geometry                 = 0
   epsilon-surface                = 0
   tcoupl                         = V-rescale
   nsttcouple                     = 10
   nh-chain-length                = 0
   print-nose-hoover-chain-variables = false
   pcoupl                         = No
   pcoupltype                     = Isotropic
   nstpcouple                     = -1
   tau-p                          = 1
   compressibility (3x3):
      compressibility[    0]={ 0.00000e+00,  0.00000e+00,  0.00000e+00}
      compressibility[    1]={ 0.00000e+00,  0.00000e+00,  0.00000e+00}
      compressibility[    2]={ 0.00000e+00,  0.00000e+00,  0.00000e+00}
   ref-p (3x3):
      ref-p[    0]={ 0.00000e+00,  0.00000e+00,  0.00000e+00}
      ref-p[    1]={ 0.00000e+00,  0.00000e+00,  0.00000e+00}
      ref-p[    2]={ 0.00000e+00,  0.00000e+00,  0.00000e+00}
   refcoord-scaling               = No
   posres-com (3):
      posres-com[0]= 0.00000e+00
      posres-com[1]= 0.00000e+00
      posres-com[2]= 0.00000e+00
   posres-comB (3):
      posres-comB[0]= 0.00000e+00
      posres-comB[1]= 0.00000e+00
      posres-comB[2]= 0.00000e+00
   QMMM                           = false
   QMconstraints                  = 0
   QMMMscheme                     = 0
   MMChargeScaleFactor            = 1
qm-opts:
   ngQM                           = 0
   constraint-algorithm           = Lincs
   continuation                   = false
   Shake-SOR                      = false
   shake-tol                      = 0.0001
   lincs-order                    = 4
   lincs-iter                     = 1
   lincs-warnangle                = 30
   nwall                          = 0
   wall-type                      = 9-3
   wall-r-linpot                  = -1
   wall-atomtype[0]               = -1
   wall-atomtype[1]               = -1
   wall-density[0]                = 0
   wall-density[1]                = 0
   wall-ewald-zfac                = 3
   pull                           = false
   awh                            = false
   rotation                       = false
   interactiveMD                  = false
   disre                          = No
   disre-weighting                = Conservative
   disre-mixed                    = false
   dr-fc                          = 1000
   dr-tau                         = 0
   nstdisreout                    = 100
   orire-fc                       = 0
   orire-tau                      = 0
   nstorireout                    = 100
   free-energy                    = no
   cos-acceleration               = 0
   deform (3x3):
      deform[    0]={ 0.00000e+00,  0.00000e+00,  0.00000e+00}
      deform[    1]={ 0.00000e+00,  0.00000e+00,  0.00000e+00}
      deform[    2]={ 0.00000e+00,  0.00000e+00,  0.00000e+00}
   simulated-tempering            = false
   swapcoords                     = no
   userint1                       = 0
   userint2                       = 0
   userint3                       = 0
   userint4                       = 0
   userreal1                      = 0
   userreal2                      = 0
   userreal3                      = 0
   userreal4                      = 0
   applied-forces:
     electric-field:
       x:
         E0                       = 0
         omega                    = 0
         t0                       = 0
         sigma                    = 0
       y:
         E0                       = 0
         omega                    = 0
         t0                       = 0
         sigma                    = 0
       z:
         E0                       = 0
         omega                    = 0
         t0                       = 0
         sigma                    = 0
     density-guided-simulation:
       active                     = false
       group                      = protein
       similarity-measure         = inner-product
       atom-spreading-weight      = unity
       force-constant             = 1e+09
       gaussian-transform-spreading-width = 0.2
       gaussian-transform-spreading-range-in-multiples-of-width = 4
       reference-density-filename = reference.mrc
       nst                        = 1
       normalize-densities        = true
       adaptive-force-scaling     = false
       adaptive-force-scaling-time-constant = 4
grpopts:
   nrdf:     90.9578     6375.04
   ref-t:         300         300
   tau-t:         0.1         0.1
annealing:          No          No
annealing-npoints:           0           0
   acc:	           0           0           0
   nfreeze:           N           N           N
   energygrp-flags[  0]: 0

Changing nstlist from 10 to 40, rlist from 1 to 1.097


Using 1 MPI thread

Non-default thread affinity set, disabling internal thread affinity

Using 2 OpenMP threads 

System total charge: -0.000
Will do PME sum in reciprocal space for electrostatic interactions.

++++ PLEASE READ AND CITE THE FOLLOWING REFERENCE ++++
U. Essmann, L. Perera, M. L. Berkowitz, T. Darden, H. Lee and L. G. Pedersen 
A smooth particle mesh Ewald method
J. Chem. Phys. 103 (1995) pp. 8577-8592
-------- -------- --- Thank You --- -------- --------

Using a Gaussian width (1/beta) of 0.320163 nm for Ewald
Potential shift: LJ r^-12: -1.000e+00 r^-6: -1.000e+00, Ewald -1.000e-05
Initialized non-bonded Coulomb Ewald tables, spacing: 9.33e-04 size: 1073

Generated table with 1048 data points for 1-4 COUL.
Tabscale = 500 points/nm
Generated table with 1048 data points for 1-4 LJ6.
Tabscale = 500 points/nm
Generated table with 1048 data points for 1-4 LJ12.
Tabscale = 500 points/nm

Using SIMD 4x4 nonbonded short-range kernels

Using a dual 4x4 pair-list setup updated with dynamic pruning:
  outer list: updated every 40 steps, buffer 0.097 nm, rlist 1.097 nm
  inner list: updated every 12 steps, buffer 0.003 nm, rlist 1.003 nm
At tolerance 0.005 kJ/mol/ps per atom, equivalent classical 1x1 list would be:
  outer list: updated every 40 steps, buffer 0.212 nm, rlist 1.212 nm
  inner list: updated every 12 steps, buffer 0.048 nm, rlist 1.048 nm

Using geometric Lennard-Jones combination rule

Long Range LJ corr.: <C6> 2.9827e-04

Removing pbc first time

Initializing LINear Constraint Solver

++++ PLEASE READ AND CITE THE FOLLOWING REFERENCE ++++
B. Hess and H. Bekker and H. J. C. Berendsen and J. G. E. M. Fraaije
LINCS: A Linear Constraint Solver for molecular simulations
J. Comp. Chem. 18 (1997) pp. 1463-1472
-------- -------- --- Thank You --- -------- --------

The number of constraints is 17

++++ PLEASE READ AND CITE THE FOLLOWING REFERENCE ++++
S. Miyamoto and P. A. Kollman
SETTLE: An Analytical Version of the SHAKE and RATTLE Algorithms for Rigid
Water Models
J. Comp. Chem. 13 (1992) pp. 952-962
-------- -------- --- Thank You --- -------- --------


++++ PLEASE READ AND CITE THE FOLLOWING REFERENCE ++++
G. Bussi, D. Donadio and M. Parrinello
Canonical sampling through velocity rescaling
J. Chem. Phys. 126 (2007) pp. 014101
-------- -------- --- Thank You --- -------- --------

There are: 3225 Atoms

Constraining the starting coordinates (step 0)

Constraining the coordinates at t0-dt (step 0)
Center of mass motion removal mode is Linear
We have the following groups for center of mass motion removal:
  0:  rest
RMS relative constraint deviation after constraining: 1.59e-06
Initial temperature: 303.072 K

Started mdrun on rank 0 Thu Oct 22 19:24:56 2020

           Step           Time
              0        0.00000

   Energies (kJ/mol)
           Bond          Angle    Proper Dih. Ryckaert-Bell.          LJ-14
    4.08339e+00    4.20072e+01    2.41364e+00   -3.58689e+01    4.00289e+01
     Coulomb-14        LJ (SR)  Disper. corr.   Coulomb (SR)   Coul. recip.
    6.23797e+02    8.15516e+03   -3.88018e+02   -6.19860e+04    3.84554e+02
 Position Rest.      Potential    Kinetic En.   Total Energy  Conserved En.
    2.00936e-05   -5.31579e+04    8.15693e+03   -4.50009e+04   -4.50009e+04
    Temperature Pres. DC (bar) Pressure (bar)   Constr. rmsd
    3.03450e+02   -1.92875e+02   -5.02110e+03    1.45901e-06

           Step           Time
            500        1.00000

   Energies (kJ/mol)
           Bond          Angle    Proper Dih. Ryckaert-Bell.          LJ-14
    2.58785e+01    7.00888e+01    3.61937e+00   -2.31290e+01    4.42122e+01
     Coulomb-14        LJ (SR)  Disper. corr.   Coulomb (SR)   Coul. recip.
    6.16276e+02    8.99259e+03   -3.88018e+02   -5.94265e+04    2.83143e+02
 Position Rest.      Potential    Kinetic En.   Total Energy  Conserved En.
    1.94292e+01   -4.97824e+04    8.34053e+03   -4.14418e+04   -4.49326e+04
    Temperature Pres. DC (bar) Pressure (bar)   Constr. rmsd
    3.10280e+02   -1.92875e+02   -1.15241e+03    3.10729e-06

           Step           Time
           1000        2.00000

   Energies (kJ/mol)
           Bond          Angle    Proper Dih. Ryckaert-Bell.          LJ-14
    1.85646e+01    6.26745e+01    3.93801e+00   -1.78296e+01    5.19831e+01
     Coulomb-14        LJ (SR)  Disper. corr.   Coulomb (SR)   Coul. recip.
    6.21599e+02    9.40992e+03   -3.88018e+02   -6.01621e+04    2.99524e+02
 Position Rest.      Potential    Kinetic En.   Total Energy  Conserved En.
    2.74350e+01   -5.00723e+04    7.82458e+03   -4.22477e+04   -4.49283e+04
    Temperature Pres. DC (bar) Pressure (bar)   Constr. rmsd
    2.91086e+02   -1.92875e+02   -7.66075e+02    1.21682e-06

           Step           Time
           1500        3.00000

   Energies (kJ/mol)
           Bond          Angle    Proper Dih. Ryckaert-Bell.          LJ-14
    2.83887e+01    9.19731e+01    5.84016e+00   -8.64253e+00    4.21025e+01
     Coulomb-14        LJ (SR)  Disper. corr.   Coulomb (SR)   Coul. recip.
    6.18448e+02    9.62176e+03   -3.88018e+02   -6.06414e+04    2.61987e+02
 Position Rest.      Potential    Kinetic En.   Total Energy  Conserved En.
    2.70188e+01   -5.03406e+04    8.06854e+03   -4.22720e+04   -4.49312e+04
    Temperature Pres. DC (bar) Pressure (bar)   Constr. rmsd
    3.00161e+02   -1.92875e+02   -7.40214e+02    1.96871e-06

           Step           Time
           2000        4.00000

   Energies (kJ/mol)
           Bond          Angle    Proper Dih. Ryckaert-Bell.          LJ-14
    3.22691e+01    6.88681e+01    3.13466e+00   -1.44426e+01    3.08805e+01
     Coulomb-14        LJ (SR)  Disper. corr.   Coulomb (SR)   Coul. recip.
    6.09651e+02    1.00203e+04   -3.88018e+02   -6.13295e+04    2.96644e+02
 Position Rest.      Potential    Kinetic En.   Total Energy  Conserved En.
    2.25859e+01   -5.06476e+04    8.04725e+03   -4.26004e+04   -4.49287e+04
    Temperature Pres. DC (bar) Pressure (bar)   Constr. rmsd
    2.99369e+02   -1.92875e+02   -2.84711e+02    6.71088e-07

           Step           Time
           2500        5.00000

   Energies (kJ/mol)
           Bond          Angle    Proper Dih. Ryckaert-Bell.          LJ-14
    2.34681e+01    6.19923e+01    2.43476e+00   -2.82898e+01    3.45505e+01
     Coulomb-14        LJ (SR)  Disper. corr.   Coulomb (SR)   Coul. recip.
    6.06836e+02    9.34537e+03   -3.88018e+02   -6.04216e+04    2.64932e+02
 Position Rest.      Potential    Kinetic En.   Total Energy  Conserved En.
    2.00152e+01   -5.04783e+04    7.88646e+03   -4.25919e+04   -4.49263e+04
    Temperature Pres. DC (bar) Pressure (bar)   Constr. rmsd
    2.93388e+02   -1.92875e+02   -1.33017e+03    3.58532e-06

           Step           Time
           3000        6.00000

   Energies (kJ/mol)
           Bond          Angle    Proper Dih. Ryckaert-Bell.          LJ-14
    2.18178e+01    7.73153e+01    2.35184e+00   -1.54807e+01    5.57402e+01
     Coulomb-14        LJ (SR)  Disper. corr.   Coulomb (SR)   Coul. recip.
    6.23751e+02    9.12342e+03   -3.88018e+02   -5.97516e+04    2.74614e+02
 Position Rest.      Potential    Kinetic En.   Total Energy  Conserved En.
    2.06525e+01   -4.99555e+04    8.35315e+03   -4.16023e+04   -4.49301e+04
    Temperature Pres. DC (bar) Pressure (bar)   Constr. rmsd
    3.10749e+02   -1.92875e+02   -1.20689e+03    2.42387e-06

           Step           Time
           3500        7.00000

   Energies (kJ/mol)
           Bond          Angle    Proper Dih. Ryckaert-Bell.          LJ-14
    3.17451e+01    7.15561e+01    3.88250e+00   -2.98395e+01    3.68365e+01
     Coulomb-14        LJ (SR)  Disper. corr.   Coulomb (SR)   Coul. recip.
    6.08230e+02    9.67011e+03   -3.88018e+02   -6.06160e+04    2.74944e+02
 Position Rest.      Potential    Kinetic En.   Total Energy  Conserved En.
    1.79245e+01   -5.03186e+04    7.82828e+03   -4.24903e+04   -4.49237e+04
    Temperature Pres. DC (bar) Pressure (bar)   Constr. rmsd
    2.91223e+02   -1.92875e+02   -5.84674e+02    1.49012e-06

           Step           Time
           4000        8.00000

   Energies (kJ/mol)
           Bond          Angle    Proper Dih. Ryckaert-Bell.          LJ-14
    2.10629e+01    6.52241e+01    7.27117e+00   -1.13185e+01    4.56654e+01
     Coulomb-14        LJ (SR)  Disper. corr.   Coulomb (SR)   Coul. recip.
    6.26471e+02    9.50992e+03   -3.88018e+02   -6.05835e+04    2.58631e+02
 Position Rest.      Potential    Kinetic En.   Total Energy  Conserved En.
    2.91215e+01   -5.04194e+04    7.88252e+03   -4.25369e+04   -4.49277e+04
    Temperature Pres. DC (bar) Pressure (bar)   Constr. rmsd
    2.93241e+02   -1.92875e+02   -9.83854e+02    2.53591e-06

           Step           Time
           4500        9.00000

   Energies (kJ/mol)
           Bond          Angle    Proper Dih. Ryckaert-Bell.          LJ-14
    3.07782e+01    8.83952e+01    7.65415e+00   -1.91040e+01    4.36898e+01
     Coulomb-14        LJ (SR)  Disper. corr.   Coulomb (SR)   Coul. recip.
    6.18833e+02    9.26357e+03   -3.88018e+02   -5.96166e+04    3.01291e+02
 Position Rest.      Potential    Kinetic En.   Total Energy  Conserved En.
    2.08625e+01   -4.96487e+04    8.16961e+03   -4.14790e+04   -4.49234e+04
    Temperature Pres. DC (bar) Pressure (bar)   Constr. rmsd
    3.03922e+02   -1.92875e+02   -5.52862e+02    2.60505e-06

           Step           Time
           5000       10.00000

   Energies (kJ/mol)
           Bond          Angle    Proper Dih. Ryckaert-Bell.          LJ-14
    1.30891e+01    8.27628e+01    4.67398e+00   -3.00509e+00    4.10706e+01
     Coulomb-14        LJ (SR)  Disper. corr.   Coulomb (SR)   Coul. recip.
    6.07660e+02    9.66953e+03   -3.88018e+02   -6.04903e+04    3.00220e+02
 Position Rest.      Potential    Kinetic En.   Total Energy  Conserved En.
    2.96297e+01   -5.01327e+04    8.16836e+03   -4.19643e+04   -4.49267e+04
    Temperature Pres. DC (bar) Pressure (bar)   Constr. rmsd
    3.03875e+02   -1.92875e+02   -2.12821e+02    9.45311e-07

           Step           Time
           5500       11.00000

   Energies (kJ/mol)
           Bond          Angle    Proper Dih. Ryckaert-Bell.          LJ-14
    1.77805e+01    9.56265e+01    2.58026e+00   -2.71447e+01    5.09765e+01
     Coulomb-14        LJ (SR)  Disper. corr.   Coulomb (SR)   Coul. recip.
    6.26509e+02    9.94200e+03   -3.88018e+02   -6.13633e+04    2.61049e+02
 Position Rest.      Potential    Kinetic En.   Total Energy  Conserved En.
    1.73614e+01   -5.07646e+04    7.81599e+03   -4.29486e+04   -4.49246e+04
    Temperature Pres. DC (bar) Pressure (bar)   Constr. rmsd
    2.90767e+02   -1.92875e+02   -3.58445e+02    1.89713e-06

           Step           Time
           6000       12.00000

   Energies (kJ/mol)
           Bond          Angle    Proper Dih. Ryckaert-Bell.          LJ-14
    2.03037e+01    8.14222e+01    1.98099e+00   -2.70073e+01    3.95917e+01
     Coulomb-14        LJ (SR)  Disper. corr.   Coulomb (SR)   Coul. recip.
    6.23838e+02    9.50439e+03   -3.88018e+02   -6.08518e+04    2.55005e+02
 Position Rest.      Potential    Kinetic En.   Total Energy  Conserved En.
    1.66001e+01   -5.07237e+04    8.04909e+03   -4.26747e+04   -4.49258e+04
    Temperature Pres. DC (bar) Pressure (bar)   Constr. rmsd
    2.99438e+02   -1.92875e+02   -1.05884e+03    1.72956e-06

           Step           Time
           6500       13.00000

   Energies (kJ/mol)
           Bond          Angle    Proper Dih. Ryckaert-Bell.          LJ-14
    1.83756e+01    5.78957e+01    1.03340e+00   -3.17041e+01    3.78378e+01
     Coulomb-14        LJ (SR)  Disper. corr.   Coulomb (SR)   Coul. recip.
    6.08909e+02    9.60303e+03   -3.88018e+02   -6.10085e+04    2.71671e+02
 Position Rest.      Potential    Kinetic En.   Total Energy  Conserved En.
    2.71022e+01   -5.08023e+04    8.09650e+03   -4.27058e+04   -4.49284e+04
    Temperature Pres. DC (bar) Pressure (bar)   Constr. rmsd
    3.01202e+02   -1.92875e+02   -1.01181e+03    2.95428e-06

           Step           Time
           7000       14.00000

   Energies (kJ/mol)
           Bond          Angle    Proper Dih. Ryckaert-Bell.          LJ-14
    2.06066e+01    8.02225e+01    9.85830e+00   -3.09597e+01    3.19012e+01
     Coulomb-14        LJ (SR)  Disper. corr.   Coulomb (SR)   Coul. recip.
    6.08779e+02    9.40549e+03   -3.88018e+02   -6.02943e+04    3.00325e+02
 Position Rest.      Potential    Kinetic En.   Total Energy  Conserved En.
    1.42685e+01   -5.02418e+04    8.10163e+03   -4.21402e+04   -4.49255e+04
    Temperature Pres. DC (bar) Pressure (bar)   Constr. rmsd
    3.01392e+02   -1.92875e+02   -8.61484e+02    1.29809e-06

           Step           Time
           7500       15.00000

   Energies (kJ/mol)
           Bond          Angle    Proper Dih. Ryckaert-Bell.          LJ-14
    1.73030e+01    7.73193e+01    1.01910e+00   -2.01959e+01    4.17404e+01
     Coulomb-14        LJ (SR)  Disper. corr.   Coulomb (SR)   Coul. recip.
    6.23040e+02    9.53783e+03   -3.88018e+02   -6.05762e+04    2.81847e+02
 Position Rest.      Potential    Kinetic En.   Total Energy  Conserved En.
    2.07167e+01   -5.03836e+04    7.98953e+03   -4.23941e+04   -4.49305e+04
    Temperature Pres. DC (bar) Pressure (bar)   Constr. rmsd
    2.97222e+02   -1.92875e+02   -9.12070e+02    3.01713e-06

           Step           Time
           8000       16.00000

   Energies (kJ/mol)
           Bond          Angle    Proper Dih. Ryckaert-Bell.          LJ-14
    2.28156e+01    7.03339e+01    1.13292e+01   -2.02903e+01    4.76599e+01
     Coulomb-14        LJ (SR)  Disper. corr.   Coulomb (SR)   Coul. recip.
    6.13838e+02    9.28157e+03   -3.88018e+02   -6.02172e+04    2.79462e+02
 Position Rest.      Potential    Kinetic En.   Total Energy  Conserved En.
    2.15291e+01   -5.02770e+04    7.69787e+03   -4.25792e+04   -4.49267e+04
    Temperature Pres. DC (bar) Pressure (bar)   Constr. rmsd
    2.86372e+02   -1.92875e+02   -1.07128e+03    3.08667e-06

           Step           Time
           8500       17.00000

   Energies (kJ/mol)
           Bond          Angle    Proper Dih. Ryckaert-Bell.          LJ-14
    1.95329e+01    6.75726e+01    7.25147e+00   -1.28798e+01    4.56643e+01
     Coulomb-14        LJ (SR)  Disper. corr.   Coulomb (SR)   Coul. recip.
    6.23220e+02    9.61530e+03   -3.88018e+02   -6.08095e+04    2.81422e+02
 Position Rest.      Potential    Kinetic En.   Total Energy  Conserved En.
    2.07823e+01   -5.05296e+04    8.08256e+03   -4.24471e+04   -4.49286e+04
    Temperature Pres. DC (bar) Pressure (bar)   Constr. rmsd
    3.00683e+02   -1.92875e+02   -7.89980e+02    1.69268e-06

           Step           Time
           9000       18.00000

   Energies (kJ/mol)
           Bond          Angle    Proper Dih. Ryckaert-Bell.          LJ-14
    1.97414e+01    7.69243e+01    5.37213e-01   -2.45871e+01    3.48025e+01
     Coulomb-14        LJ (SR)  Disper. corr.   Coulomb (SR)   Coul. recip.
    6.06854e+02    9.75560e+03   -3.88018e+02   -6.08532e+04    2.72883e+02
 Position Rest.      Potential    Kinetic En.   Total Energy  Conserved En.
    1.83950e+01   -5.04801e+04    8.28367e+03   -4.21964e+04   -4.49335e+04
    Temperature Pres. DC (bar) Pressure (bar)   Constr. rmsd
    3.08165e+02   -1.92875e+02   -4.04732e+02    3.13880e-06

           Step           Time
           9500       19.00000

   Energies (kJ/mol)
           Bond          Angle    Proper Dih. Ryckaert-Bell.          LJ-14
    3.56418e+01    7.03346e+01    1.53127e+00   -2.83855e+01    3.55601e+01
     Coulomb-14        LJ (SR)  Disper. corr.   Coulomb (SR)   Coul. recip.
    6.20268e+02    9.92062e+03   -3.88018e+02   -6.12627e+04    3.03487e+02
 Position Rest.      Potential    Kinetic En.   Total Energy  Conserved En.
    1.58904e+01   -5.06758e+04    7.96102e+03   -4.27147e+04   -4.49334e+04
    Temperature Pres. DC (bar) Pressure (bar)   Constr. rmsd
    2.96161e+02   -1.92875e+02   -3.63523e+02    2.66595e-06

           Step           Time
          10000       20.00000

   Energies (kJ/mol)
           Bond          Angle    Proper Dih. Ryckaert-Bell.          LJ-14
    3.59748e+01    5.80103e+01    3.34401e+00   -2.94379e+01    3.57327e+01
     Coulomb-14        LJ (SR)  Disper. corr.   Coulomb (SR)   Coul. recip.
    6.04004e+02    9.59971e+03   -3.88018e+02   -6.09172e+04    2.85520e+02
 Position Rest.      Potential    Kinetic En.   Total Energy  Conserved En.
    3.07133e+01   -5.06816e+04    8.24654e+03   -4.24351e+04   -4.49307e+04
    Temperature Pres. DC (bar) Pressure (bar)   Constr. rmsd
    3.06783e+02   -1.92875e+02   -9.07834e+02    1.88498e-06

           Step           Time
          10500       21.00000

   Energies (kJ/mol)
           Bond          Angle    Proper Dih. Ryckaert-Bell.          LJ-14
    3.02855e+01    5.54149e+01    1.27449e+00   -2.60647e+01    3.84634e+01
     Coulomb-14        LJ (SR)  Disper. corr.   Coulomb (SR)   Coul. recip.
    6.01595e+02    9.55376e+03   -3.88018e+02   -6.06403e+04    2.83538e+02
 Position Rest.      Potential    Kinetic En.   Total Energy  Conserved En.
    1.98239e+01   -5.04702e+04    7.99994e+03   -4.24703e+04   -4.49286e+04
    Temperature Pres. DC (bar) Pressure (bar)   Constr. rmsd
    2.97609e+02   -1.92875e+02   -8.40616e+02    1.31313e-06

           Step           Time
          11000       22.00000

   Energies (kJ/mol)
           Bond          Angle    Proper Dih. Ryckaert-Bell.          LJ-14
    1.12196e+01    1.08581e+02    5.09465e-01   -1.50152e+01    4.42456e+01
     Coulomb-14        LJ (SR)  Disper. corr.   Coulomb (SR)   Coul. recip.
    6.27342e+02    9.70740e+03   -3.88018e+02   -6.05274e+04    2.85944e+02
 Position Rest.      Potential    Kinetic En.   Total Energy  Conserved En.
    1.51781e+01   -5.01300e+04    8.12286e+03   -4.20071e+04   -4.49315e+04
    Temperature Pres. DC (bar) Pressure (bar)   Constr. rmsd
    3.02182e+02   -1.92875e+02   -2.87147e+02    2.54775e-06

           Step           Time
          11500       23.00000

   Energies (kJ/mol)
           Bond          Angle    Proper Dih. Ryckaert-Bell.          LJ-14
    3.93310e+01    9.76254e+01    4.59582e+00   -1.50507e+01    3.70925e+01
     Coulomb-14        LJ (SR)  Disper. corr.   Coulomb (SR)   Coul. recip.
    6.28380e+02    9.85466e+03   -3.88018e+02   -6.07775e+04    2.93905e+02
 Position Rest.      Potential    Kinetic En.   Total Energy  Conserved En.
    1.02454e+01   -5.02147e+04    8.24323e+03   -4.19715e+04   -4.49274e+04
    Temperature Pres. DC (bar) Pressure (bar)   Constr. rmsd
    3.06660e+02   -1.92875e+02   -3.66534e+02    3.00248e-06

           Step           Time
          12000       24.00000

   Energies (kJ/mol)
           Bond          Angle    Proper Dih. Ryckaert-Bell.          LJ-14
    9.46498e+00    7.94666e+01    2.87143e+00   -2.75544e+01    4.49720e+01
     Coulomb-14        LJ (SR)  Disper. corr.   Coulomb (SR)   Coul. recip.
    6.17005e+02    9.50501e+03   -3.88018e+02   -6.07846e+04    2.68122e+02
 Position Rest.      Potential    Kinetic En.   Total Energy  Conserved En.
    1.63031e+01   -5.06569e+04    8.20712e+03   -4.24498e+04   -4.49282e+04
    Temperature Pres. DC (bar) Pressure (bar)   Constr. rmsd
    3.05317e+02   -1.92875e+02   -7.82195e+02    2.21384e-06

           Step           Time
          12500       25.00000

   Energies (kJ/mol)
           Bond          Angle    Proper Dih. Ryckaert-Bell.          LJ-14
    2.70750e+01    6.88543e+01    7.14206e+00   -1.83670e+01    3.71176e+01
     Coulomb-14        LJ (SR)  Disper. corr.   Coulomb (SR)   Coul. recip.
    6.22893e+02    9.63764e+03   -3.88018e+02   -6.11044e+04    2.50796e+02
 Position Rest.      Potential    Kinetic En.   Total Energy  Conserved En.
    1.46144e+01   -5.08447e+04    7.96116e+03   -4.28835e+04   -4.49256e+04
    Temperature Pres. DC (bar) Pressure (bar)   Constr. rmsd
    2.96167e+02   -1.92875e+02   -1.10931e+03    1.74980e-06

           Step           Time
          13000       26.00000

   Energies (kJ/mol)
           Bond          Angle    Proper Dih. Ryckaert-Bell.          LJ-14
    2.12723e+01    8.71331e+01    9.66685e+00   -3.15851e+01    3.29152e+01
     Coulomb-14        LJ (SR)  Disper. corr.   Coulomb (SR)   Coul. recip.
    6.20464e+02    9.29485e+03   -3.88018e+02   -6.04168e+04    2.63116e+02
 Position Rest.      Potential    Kinetic En.   Total Energy  Conserved En.
    9.22374e+00   -5.04978e+04    8.14909e+03   -4.23487e+04   -4.49234e+04
    Temperature Pres. DC (bar) Pressure (bar)   Constr. rmsd
    3.03158e+02   -1.92875e+02   -1.37254e+03    1.11491e-06

           Step           Time
          13500       27.00000

   Energies (kJ/mol)
           Bond          Angle    Proper Dih. Ryckaert-Bell.          LJ-14
    2.36620e+01    6.77094e+01    9.71894e+00   -2.09115e+01    3.87197e+01
     Coulomb-14        LJ (SR)  Disper. corr.   Coulomb (SR)   Coul. recip.
    6.26906e+02    9.40067e+03   -3.88018e+02   -6.03837e+04    2.76532e+02
 Position Rest.      Potential    Kinetic En.   Total Energy  Conserved En.
    1.20204e+01   -5.03367e+04    7.74099e+03   -4.25957e+04   -4.49189e+04
    Temperature Pres. DC (bar) Pressure (bar)   Constr. rmsd
    2.87976e+02   -1.92875e+02   -1.12959e+03    1.23167e-06

           Step           Time
          14000       28.00000

   Energies (kJ/mol)
           Bond          Angle    Proper Dih. Ryckaert-Bell.          LJ-14
    2.42435e+01    7.19608e+01    7.02766e+00   -1.52085e+01    3.36610e+01
     Coulomb-14        LJ (SR)  Disper. corr.   Coulomb (SR)   Coul. recip.
    6.16832e+02    9.59600e+03   -3.88018e+02   -6.06087e+04    2.88534e+02
 Position Rest.      Potential    Kinetic En.   Total Energy  Conserved En.
    9.99586e+00   -5.03637e+04    7.96880e+03   -4.23949e+04   -4.49170e+04
    Temperature Pres. DC (bar) Pressure (bar)   Constr. rmsd
    2.96451e+02   -1.92875e+02   -8.72211e+02    5.36138e-06

           Step           Time
          14500       29.00000

   Energies (kJ/mol)
           Bond          Angle    Proper Dih. Ryckaert-Bell.          LJ-14
    2.94870e+01    8.65590e+01    6.30814e+00   -2.41692e+01    5.26368e+01
     Coulomb-14        LJ (SR)  Disper. corr.   Coulomb (SR)   Coul. recip.
    6.34030e+02    9.73582e+03   -3.88018e+02   -6.07792e+04    2.74098e+02
 Position Rest.      Potential    Kinetic En.   Total Energy  Conserved En.
    9.53034e+00   -5.03629e+04    8.17816e+03   -4.21848e+04   -4.49215e+04
    Temperature Pres. DC (bar) Pressure (bar)   Constr. rmsd
    3.04240e+02   -1.92875e+02   -4.14075e+02    3.48570e-06

           Step           Time
          15000       30.00000

   Energies (kJ/mol)
           Bond          Angle    Proper Dih. Ryckaert-Bell.          LJ-14
    2.26053e+01    8.40378e+01    3.28432e+00   -8.61753e+00    3.87246e+01
     Coulomb-14        LJ (SR)  Disper. corr.   Coulomb (SR)   Coul. recip.
    6.20764e+02    9.77659e+03   -3.88018e+02   -6.08015e+04    2.83542e+02
 Position Rest.      Potential    Kinetic En.   Total Energy  Conserved En.
    2.46267e+01   -5.03439e+04    7.84366e+03   -4.25003e+04   -4.49156e+04
    Temperature Pres. DC (bar) Pressure (bar)   Constr. rmsd
    2.91796e+02   -1.92875e+02   -2.90926e+02    2.36226e-06

           Step           Time
          15500       31.00000

   Energies (kJ/mol)
           Bond          Angle    Proper Dih. Ryckaert-Bell.          LJ-14
    2.40658e+01    6.73989e+01    7.38036e+00   -5.41331e+00    5.02092e+01
     Coulomb-14        LJ (SR)  Disper. corr.   Coulomb (SR)   Coul. recip.
    6.34032e+02    9.49697e+03   -3.88018e+02   -6.02173e+04    2.98140e+02
 Position Rest.      Potential    Kinetic En.   Total Energy  Conserved En.
    2.45254e+01   -5.00080e+04    8.23198e+03   -4.17760e+04   -4.49181e+04
    Temperature Pres. DC (bar) Pressure (bar)   Constr. rmsd
    3.06242e+02   -1.92875e+02   -6.15216e+02    8.78507e-07

           Step           Time
          16000       32.00000

   Energies (kJ/mol)
           Bond          Angle    Proper Dih. Ryckaert-Bell.          LJ-14
    2.34672e+01    7.92845e+01    7.75664e+00   -2.87563e+01    4.11277e+01
     Coulomb-14        LJ (SR)  Disper. corr.   Coulomb (SR)   Coul. recip.
    6.15230e+02    9.77274e+03   -3.88018e+02   -6.07641e+04    3.06493e+02
 Position Rest.      Potential    Kinetic En.   Total Energy  Conserved En.
    1.41616e+01   -5.03206e+04    7.98599e+03   -4.23347e+04   -4.49211e+04
    Temperature Pres. DC (bar) Pressure (bar)   Constr. rmsd
    2.97091e+02   -1.92875e+02   -3.88766e+02    1.55457e-06

           Step           Time
          16500       33.00000

   Energies (kJ/mol)
           Bond          Angle    Proper Dih. Ryckaert-Bell.          LJ-14
    2.52572e+01    5.46654e+01    3.59352e+00   -1.19738e+01    4.09034e+01
     Coulomb-14        LJ (SR)  Disper. corr.   Coulomb (SR)   Coul. recip.
    6.17612e+02    9.26056e+03   -3.88018e+02   -6.03447e+04    2.97351e+02
 Position Rest.      Potential    Kinetic En.   Total Energy  Conserved En.
    1.47818e+01   -5.04299e+04    7.81753e+03   -4.26124e+04   -4.49210e+04
    Temperature Pres. DC (bar) Pressure (bar)   Constr. rmsd
    2.90824e+02   -1.92875e+02   -1.19910e+03    9.66949e-07

           Step           Time
          17000       34.00000

   Energies (kJ/mol)
           Bond          Angle    Proper Dih. Ryckaert-Bell.          LJ-14
    1.63912e+01    6.46475e+01    2.05828e+00   -2.68213e+01    4.58902e+01
     Coulomb-14        LJ (SR)  Disper. corr.   Coulomb (SR)   Coul. recip.
    6.11812e+02    9.40759e+03   -3.88018e+02   -6.06940e+04    2.60621e+02
 Position Rest.      Potential    Kinetic En.   Total Energy  Conserved En.
    1.82879e+01   -5.06816e+04    8.06715e+03   -4.26144e+04   -4.49194e+04
    Temperature Pres. DC (bar) Pressure (bar)   Constr. rmsd
    3.00110e+02   -1.92875e+02   -1.14405e+03    2.53174e-06

           Step           Time
          17500       35.00000

   Energies (kJ/mol)
           Bond          Angle    Proper Dih. Ryckaert-Bell.          LJ-14
    1.83845e+01    7.04268e+01    3.63344e+00   -1.51293e+01    3.52314e+01
     Coulomb-14        LJ (SR)  Disper. corr.   Coulomb (SR)   Coul. recip.
    6.25712e+02    9.42369e+03   -3.88018e+02   -6.06954e+04    2.67180e+02
 Position Rest.      Potential    Kinetic En.   Total Energy  Conserved En.
    1.36757e+01   -5.06406e+04    8.01142e+03   -4.26292e+04   -4.49243e+04
    Temperature Pres. DC (bar) Pressure (bar)   Constr. rmsd
    2.98036e+02   -1.92875e+02   -9.58244e+02    1.33859e-06

           Step           Time
          18000       36.00000

   Energies (kJ/mol)
           Bond          Angle    Proper Dih. Ryckaert-Bell.          LJ-14
    2.74400e+01    5.04909e+01    3.66710e+00   -2.27039e+01    4.46652e+01
     Coulomb-14        LJ (SR)  Disper. corr.   Coulomb (SR)   Coul. recip.
    6.08366e+02    9.95462e+03   -3.88018e+02   -6.14016e+04    2.89150e+02
 Position Rest.      Potential    Kinetic En.   Total Energy  Conserved En.
    9.54617e+00   -5.08244e+04    7.97434e+03   -4.28501e+04   -4.49193e+04
    Temperature Pres. DC (bar) Pressure (bar)   Constr. rmsd
    2.96657e+02   -1.92875e+02   -3.56891e+02    2.47586e-06

           Step           Time
          18500       37.00000

   Energies (kJ/mol)
           Bond          Angle    Proper Dih. Ryckaert-Bell.          LJ-14
    3.34750e+01    5.96121e+01    2.79351e+00   -1.66987e+01    4.34673e+01
     Coulomb-14        LJ (SR)  Disper. corr.   Coulomb (SR)   Coul. recip.
    6.15496e+02    9.44508e+03   -3.88018e+02   -6.04867e+04    2.97327e+02
 Position Rest.      Potential    Kinetic En.   Total Energy  Conserved En.
    2.03202e+01   -5.03738e+04    8.00075e+03   -4.23731e+04   -4.49162e+04
    Temperature Pres. DC (bar) Pressure (bar)   Constr. rmsd
    2.97640e+02   -1.92875e+02   -7.54424e+02    1.40479e-06

           Step           Time
          19000       38.00000

   Energies (kJ/mol)
           Bond          Angle    Proper Dih. Ryckaert-Bell.          LJ-14
    4.29279e+01    5.20575e+01    7.54636e-01   -1.57011e+01    4.09109e+01
     Coulomb-14        LJ (SR)  Disper. corr.   Coulomb (SR)   Coul. recip.
    6.11185e+02    9.37351e+03   -3.88018e+02   -6.02144e+04    2.70884e+02
 Position Rest.      Potential    Kinetic En.   Total Energy  Conserved En.
    2.11641e+01   -5.02047e+04    7.98915e+03   -4.22156e+04   -4.49179e+04
    Temperature Pres. DC (bar) Pressure (bar)   Constr. rmsd
    2.97208e+02   -1.92875e+02   -1.06025e+03    1.03076e-06

           Step           Time
          19500       39.00000

   Energies (kJ/mol)
           Bond          Angle    Proper Dih. Ryckaert-Bell.          LJ-14
    1.62723e+01    5.33219e+01    8.41714e-01   -2.06270e+01    4.31313e+01
     Coulomb-14        LJ (SR)  Disper. corr.   Coulomb (SR)   Coul. recip.
    6.31478e+02    9.63053e+03   -3.88018e+02   -6.09285e+04    2.58647e+02
 Position Rest.      Potential    Kinetic En.   Total Energy  Conserved En.
    1.58011e+01   -5.06871e+04    7.90197e+03   -4.27852e+04   -4.49195e+04
    Temperature Pres. DC (bar) Pressure (bar)   Constr. rmsd
    2.93965e+02   -1.92875e+02   -5.98877e+02    5.76984e-07

           Step           Time
          20000       40.00000

   Energies (kJ/mol)
           Bond          Angle    Proper Dih. Ryckaert-Bell.          LJ-14
    3.73081e+01    7.65441e+01    6.50146e+00   -2.43582e+01    4.13885e+01
     Coulomb-14        LJ (SR)  Disper. corr.   Coulomb (SR)   Coul. recip.
    6.14728e+02    9.96131e+03   -3.88018e+02   -6.10341e+04    2.84130e+02
 Position Rest.      Potential    Kinetic En.   Total Energy  Conserved En.
    1.33528e+01   -5.04112e+04    8.09122e+03   -4.23200e+04   -4.49156e+04
    Temperature Pres. DC (bar) Pressure (bar)   Constr. rmsd
    3.01005e+02   -1.92875e+02    1.88792e+01    2.65051e-06

           Step           Time
          20500       41.00000

   Energies (kJ/mol)
           Bond          Angle    Proper Dih. Ryckaert-Bell.          LJ-14
    2.78168e+01    1.16680e+02    5.36200e+00   -2.60460e+01    3.73626e+01
     Coulomb-14        LJ (SR)  Disper. corr.   Coulomb (SR)   Coul. recip.
    6.14174e+02    9.44173e+03   -3.88018e+02   -6.05911e+04    2.92979e+02
 Position Rest.      Potential    Kinetic En.   Total Energy  Conserved En.
    2.96754e+01   -5.04394e+04    8.34710e+03   -4.20923e+04   -4.49163e+04
    Temperature Pres. DC (bar) Pressure (bar)   Constr. rmsd
    3.10524e+02   -1.92875e+02   -7.60392e+02    1.24785e-06

           Step           Time
          21000       42.00000

   Energies (kJ/mol)
           Bond          Angle    Proper Dih. Ryckaert-Bell.          LJ-14
    2.70094e+01    8.30023e+01    2.55490e+00   -1.60108e+01    3.59778e+01
     Coulomb-14        LJ (SR)  Disper. corr.   Coulomb (SR)   Coul. recip.
    6.15645e+02    9.53050e+03   -3.88018e+02   -6.04292e+04    2.87089e+02
 Position Rest.      Potential    Kinetic En.   Total Energy  Conserved En.
    1.52398e+01   -5.02362e+04    8.25405e+03   -4.19822e+04   -4.49129e+04
    Temperature Pres. DC (bar) Pressure (bar)   Constr. rmsd
    3.07063e+02   -1.92875e+02   -4.96580e+02    1.89834e-06

           Step           Time
          21500       43.00000

   Energies (kJ/mol)
           Bond          Angle    Proper Dih. Ryckaert-Bell.          LJ-14
    3.22404e+01    6.38453e+01    1.86086e+00   -2.35404e+01    4.28169e+01
     Coulomb-14        LJ (SR)  Disper. corr.   Coulomb (SR)   Coul. recip.
    6.28316e+02    9.23489e+03   -3.88018e+02   -6.03892e+04    2.97535e+02
 Position Rest.      Potential    Kinetic En.   Total Energy  Conserved En.
    1.12309e+01   -5.04880e+04    7.93303e+03   -4.25550e+04   -4.49117e+04
    Temperature Pres. DC (bar) Pressure (bar)   Constr. rmsd
    2.95120e+02   -1.92875e+02   -1.31796e+03    1.34186e-06

           Step           Time
          22000       44.00000

   Energies (kJ/mol)
           Bond          Angle    Proper Dih. Ryckaert-Bell.          LJ-14
    2.75308e+01    8.27857e+01    3.31125e+00   -1.76895e+01    4.67148e+01
     Coulomb-14        LJ (SR)  Disper. corr.   Coulomb (SR)   Coul. recip.
    6.29433e+02    9.37370e+03   -3.88018e+02   -6.01541e+04    2.81072e+02
 Position Rest.      Potential    Kinetic En.   Total Energy  Conserved En.
    2.14291e+01   -5.00938e+04    8.40633e+03   -4.16875e+04   -4.49168e+04
    Temperature Pres. DC (bar) Pressure (bar)   Constr. rmsd
    3.12728e+02   -1.92875e+02   -7.03113e+02    1.44671e-06

           Step           Time
          22500       45.00000

   Energies (kJ/mol)
           Bond          Angle    Proper Dih. Ryckaert-Bell.          LJ-14
    3.99678e+01    6.73877e+01    2.16542e+00   -2.36738e+01    2.65199e+01
     Coulomb-14        LJ (SR)  Disper. corr.   Coulomb (SR)   Coul. recip.
    6.02593e+02    9.50954e+03   -3.88018e+02   -6.02195e+04    3.17392e+02
 Position Rest.      Potential    Kinetic En.   Total Energy  Conserved En.
    1.77077e+01   -5.00479e+04    8.24338e+03   -4.18045e+04   -4.49158e+04
    Temperature Pres. DC (bar) Pressure (bar)   Constr. rmsd
    3.06666e+02   -1.92875e+02   -7.12548e+02    3.74093e-06

           Step           Time
          23000       46.00000

   Energies (kJ/mol)
           Bond          Angle    Proper Dih. Ryckaert-Bell.          LJ-14
    1.28814e+01    5.02612e+01    1.01488e+01   -2.40401e+01    5.16196e+01
     Coulomb-14        LJ (SR)  Disper. corr.   Coulomb (SR)   Coul. recip.
    6.18371e+02    9.67532e+03   -3.88018e+02   -6.07874e+04    2.93269e+02
 Position Rest.      Potential    Kinetic En.   Total Energy  Conserved En.
    1.42296e+01   -5.04734e+04    8.04615e+03   -4.24272e+04   -4.49149e+04
    Temperature Pres. DC (bar) Pressure (bar)   Constr. rmsd
    2.99329e+02   -1.92875e+02   -3.89471e+02    2.20390e-06

           Step           Time
          23500       47.00000

   Energies (kJ/mol)
           Bond          Angle    Proper Dih. Ryckaert-Bell.          LJ-14
    2.74240e+01    8.07594e+01    4.53107e+00   -1.73282e+01    5.65902e+01
     Coulomb-14        LJ (SR)  Disper. corr.   Coulomb (SR)   Coul. recip.
    6.23072e+02    9.74832e+03   -3.88018e+02   -6.07569e+04    2.98128e+02
 Position Rest.      Potential    Kinetic En.   Total Energy  Conserved En.
    8.81681e+00   -5.03146e+04    8.17582e+03   -4.21388e+04   -4.49163e+04
    Temperature Pres. DC (bar) Pressure (bar)   Constr. rmsd
    3.04153e+02   -1.92875e+02   -1.09782e+02    1.65365e-06

           Step           Time
          24000       48.00000

   Energies (kJ/mol)
           Bond          Angle    Proper Dih. Ryckaert-Bell.          LJ-14
    2.86097e+01    6.64726e+01    2.68530e+00   -1.66752e+01    4.47642e+01
     Coulomb-14        LJ (SR)  Disper. corr.   Coulomb (SR)   Coul. recip.
    6.24347e+02    9.81472e+03   -3.88018e+02   -6.09355e+04    2.79845e+02
 Position Rest.      Potential    Kinetic En.   Total Energy  Conserved En.
    1.39419e+01   -5.04648e+04    7.90543e+03   -4.25593e+04   -4.49140e+04
    Temperature Pres. DC (bar) Pressure (bar)   Constr. rmsd
    2.94093e+02   -1.92875e+02   -2.10713e+02    9.18285e-07

           Step           Time
          24500       49.00000

   Energies (kJ/mol)
           Bond          Angle    Proper Dih. Ryckaert-Bell.          LJ-14
    3.46810e+01    7.12097e+01    2.66155e+00   -2.05043e+01    2.89910e+01
     Coulomb-14        LJ (SR)  Disper. corr.   Coulomb (SR)   Coul. recip.
    5.98562e+02    9.61360e+03   -3.88018e+02   -6.04194e+04    2.87437e+02
 Position Rest.      Potential    Kinetic En.   Total Energy  Conserved En.
    1.44119e+01   -5.01764e+04    8.06609e+03   -4.21103e+04   -4.49146e+04
    Temperature Pres. DC (bar) Pressure (bar)   Constr. rmsd
    3.00070e+02   -1.92875e+02   -5.96029e+02    4.71538e-06

           Step           Time
          25000       50.00000

   Energies (kJ/mol)
           Bond          Angle    Proper Dih. Ryckaert-Bell.          LJ-14
    2.77798e+01    6.90360e+01    3.81620e+00   -3.02129e+01    3.99615e+01
     Coulomb-14        LJ (SR)  Disper. corr.   Coulomb (SR)   Coul. recip.
    6.16604e+02    9.15527e+03   -3.88018e+02   -5.98683e+04    2.88267e+02
 Position Rest.      Potential    Kinetic En.   Total Energy  Conserved En.
    1.50413e+01   -5.00708e+04    7.96512e+03   -4.21057e+04   -4.49111e+04
    Temperature Pres. DC (bar) Pressure (bar)   Constr. rmsd
    2.96314e+02   -1.92875e+02   -1.10859e+03    1.35573e-06

           Step           Time
          25500       51.00000

   Energies (kJ/mol)
           Bond          Angle    Proper Dih. Ryckaert-Bell.          LJ-14
    1.55956e+01    5.85651e+01    8.67822e-01   -2.54426e+01    3.81313e+01
     Coulomb-14        LJ (SR)  Disper. corr.   Coulomb (SR)   Coul. recip.
    6.09410e+02    9.57210e+03   -3.88018e+02   -6.05786e+04    2.88407e+02
 Position Rest.      Potential    Kinetic En.   Total Energy  Conserved En.
    2.08656e+01   -5.03881e+04    7.84338e+03   -4.25447e+04   -4.49123e+04
    Temperature Pres. DC (bar) Pressure (bar)   Constr. rmsd
    2.91785e+02   -1.92875e+02   -4.30991e+02    1.38199e-06

           Step           Time
          26000       52.00000

   Energies (kJ/mol)
           Bond          Angle    Proper Dih. Ryckaert-Bell.          LJ-14
    1.94032e+01    9.12015e+01    4.66213e+00   -3.02387e+01    3.90423e+01
     Coulomb-14        LJ (SR)  Disper. corr.   Coulomb (SR)   Coul. recip.
    6.26197e+02    9.53237e+03   -3.88018e+02   -6.06043e+04    2.74899e+02
 Position Rest.      Potential    Kinetic En.   Total Energy  Conserved En.
    5.92678e+00   -5.04289e+04    8.00973e+03   -4.24191e+04   -4.49111e+04
    Temperature Pres. DC (bar) Pressure (bar)   Constr. rmsd
    2.97974e+02   -1.92875e+02   -7.19609e+02    7.68088e-07

           Step           Time
          26500       53.00000

   Energies (kJ/mol)
           Bond          Angle    Proper Dih. Ryckaert-Bell.          LJ-14
    3.65107e+01    8.74636e+01    6.37692e+00   -1.68945e+01    5.55204e+01
     Coulomb-14        LJ (SR)  Disper. corr.   Coulomb (SR)   Coul. recip.
    6.37443e+02    9.22446e+03   -3.88018e+02   -5.99876e+04    2.58474e+02
 Position Rest.      Potential    Kinetic En.   Total Energy  Conserved En.
    1.41093e+01   -5.00722e+04    8.17498e+03   -4.18972e+04   -4.49161e+04
    Temperature Pres. DC (bar) Pressure (bar)   Constr. rmsd
    3.04121e+02   -1.92875e+02   -9.67097e+02    1.49941e-06

           Step           Time
          27000       54.00000

   Energies (kJ/mol)
           Bond          Angle    Proper Dih. Ryckaert-Bell.          LJ-14
    1.88702e+01    7.73905e+01    7.02840e-01   -2.41470e+01    4.95339e+01
     Coulomb-14        LJ (SR)  Disper. corr.   Coulomb (SR)   Coul. recip.
    6.29604e+02    9.70457e+03   -3.88018e+02   -6.09473e+04    2.89204e+02
 Position Rest.      Potential    Kinetic En.   Total Energy  Conserved En.
    1.37752e+01   -5.05758e+04    8.28996e+03   -4.22859e+04   -4.49167e+04
    Temperature Pres. DC (bar) Pressure (bar)   Constr. rmsd
    3.08399e+02   -1.92875e+02   -6.82197e+02    3.87794e-06

           Step           Time
          27500       55.00000

   Energies (kJ/mol)
           Bond          Angle    Proper Dih. Ryckaert-Bell.          LJ-14
    1.18768e+01    7.21415e+01    3.50784e+00   -2.30937e+01    3.55896e+01
     Coulomb-14        LJ (SR)  Disper. corr.   Coulomb (SR)   Coul. recip.
    6.16490e+02    9.44801e+03   -3.88018e+02   -6.08043e+04    2.44500e+02
 Position Rest.      Potential    Kinetic En.   Total Energy  Conserved En.
    1.57954e+01   -5.07675e+04    8.02033e+03   -4.27472e+04   -4.49134e+04
    Temperature Pres. DC (bar) Pressure (bar)   Constr. rmsd
    2.98368e+02   -1.92875e+02   -9.01578e+02    2.12998e-06

           Step           Time
          28000       56.00000

   Energies (kJ/mol)
           Bond          Angle    Proper Dih. Ryckaert-Bell.          LJ-14
    3.38257e+01    7.04519e+01    9.64184e+00   -3.21774e+01    3.03087e+01
     Coulomb-14        LJ (SR)  Disper. corr.   Coulomb (SR)   Coul. recip.
    6.07217e+02    9.58160e+03   -3.88018e+02   -6.03461e+04    2.80384e+02
 Position Rest.      Potential    Kinetic En.   Total Energy  Conserved En.
    8.99898e+00   -5.01439e+04    8.20405e+03   -4.19398e+04   -4.49158e+04
    Temperature Pres. DC (bar) Pressure (bar)   Constr. rmsd
    3.05203e+02   -1.92875e+02   -6.63942e+02    5.68118e-06

           Step           Time
          28500       57.00000

   Energies (kJ/mol)
           Bond          Angle    Proper Dih. Ryckaert-Bell.          LJ-14
    2.61090e+01    7.67211e+01    5.66094e+00   -2.97608e+01    3.61479e+01
     Coulomb-14        LJ (SR)  Disper. corr.   Coulomb (SR)   Coul. recip.
    6.17850e+02    9.48931e+03   -3.88018e+02   -6.04745e+04    2.79012e+02
 Position Rest.      Potential    Kinetic En.   Total Energy  Conserved En.
    1.21771e+01   -5.03493e+04    7.84344e+03   -4.25059e+04   -4.49181e+04
    Temperature Pres. DC (bar) Pressure (bar)   Constr. rmsd
    2.91787e+02   -1.92875e+02   -8.94013e+02    1.44172e-06

           Step           Time
          29000       58.00000

   Energies (kJ/mol)
           Bond          Angle    Proper Dih. Ryckaert-Bell.          LJ-14
    2.26106e+01    6.04115e+01    2.30176e+00   -1.51732e+01    4.77765e+01
     Coulomb-14        LJ (SR)  Disper. corr.   Coulomb (SR)   Coul. recip.
    6.26873e+02    9.24400e+03   -3.88018e+02   -6.01155e+04    2.67731e+02
 Position Rest.      Potential    Kinetic En.   Total Energy  Conserved En.
    2.08566e+01   -5.02262e+04    7.72413e+03   -4.25020e+04   -4.49153e+04
    Temperature Pres. DC (bar) Pressure (bar)   Constr. rmsd
    2.87349e+02   -1.92875e+02   -1.07796e+03    2.12679e-06

           Step           Time
          29500       59.00000

   Energies (kJ/mol)
           Bond          Angle    Proper Dih. Ryckaert-Bell.          LJ-14
    3.64315e+01    6.68047e+01    8.46672e+00   -1.99683e+01    3.92803e+01
     Coulomb-14        LJ (SR)  Disper. corr.   Coulomb (SR)   Coul. recip.
    6.12966e+02    9.68871e+03   -3.88018e+02   -6.05726e+04    2.68011e+02
 Position Rest.      Potential    Kinetic En.   Total Energy  Conserved En.
    7.21308e+00   -5.02527e+04    7.73338e+03   -4.25193e+04   -4.49124e+04
    Temperature Pres. DC (bar) Pressure (bar)   Constr. rmsd
    2.87693e+02   -1.92875e+02   -5.40072e+02    1.20474e-06

           Step           Time
          30000       60.00000

   Energies (kJ/mol)
           Bond          Angle    Proper Dih. Ryckaert-Bell.          LJ-14
    2.14418e+01    5.63737e+01    5.33528e+00   -2.95033e+01    4.53372e+01
     Coulomb-14        LJ (SR)  Disper. corr.   Coulomb (SR)   Coul. recip.
    6.21312e+02    9.24389e+03   -3.88018e+02   -6.04042e+04    2.73966e+02
 Position Rest.      Potential    Kinetic En.   Total Energy  Conserved En.
    1.00871e+01   -5.05440e+04    8.09595e+03   -4.24481e+04   -4.49198e+04
    Temperature Pres. DC (bar) Pressure (bar)   Constr. rmsd
    3.01181e+02   -1.92875e+02   -1.35449e+03    3.03326e-06

           Step           Time
          30500       61.00000

   Energies (kJ/mol)
           Bond          Angle    Proper Dih. Ryckaert-Bell.          LJ-14
    1.89398e+01    8.36035e+01    7.27589e+00   -8.48507e+00    4.97634e+01
     Coulomb-14        LJ (SR)  Disper. corr.   Coulomb (SR)   Coul. recip.
    6.38094e+02    1.00837e+04   -3.88018e+02   -6.13616e+04    3.07282e+02
 Position Rest.      Potential    Kinetic En.   Total Energy  Conserved En.
    2.12730e+01   -5.05482e+04    7.99497e+03   -4.25532e+04   -4.49128e+04
    Temperature Pres. DC (bar) Pressure (bar)   Constr. rmsd
    2.97425e+02   -1.92875e+02   -1.93951e+01    3.28513e-06

           Step           Time
          31000       62.00000

   Energies (kJ/mol)
           Bond          Angle    Proper Dih. Ryckaert-Bell.          LJ-14
    3.28874e+01    9.96414e+01    5.53484e+00   -2.42078e+01    3.12424e+01
     Coulomb-14        LJ (SR)  Disper. corr.   Coulomb (SR)   Coul. recip.
    6.25814e+02    9.78376e+03   -3.88018e+02   -6.09160e+04    2.77436e+02
 Position Rest.      Potential    Kinetic En.   Total Energy  Conserved En.
    1.52523e+01   -5.04566e+04    8.29606e+03   -4.21606e+04   -4.49190e+04
    Temperature Pres. DC (bar) Pressure (bar)   Constr. rmsd
    3.08626e+02   -1.92875e+02   -5.17432e+02    1.93590e-06

           Step           Time
          31500       63.00000

   Energies (kJ/mol)
           Bond          Angle    Proper Dih. Ryckaert-Bell.          LJ-14
    2.24978e+01    8.54750e+01    3.18951e+00   -2.42161e+01    4.26660e+01
     Coulomb-14        LJ (SR)  Disper. corr.   Coulomb (SR)   Coul. recip.
    6.31171e+02    9.16083e+03   -3.88018e+02   -6.02574e+04    2.71559e+02
 Position Rest.      Potential    Kinetic En.   Total Energy  Conserved En.
    2.32738e+01   -5.04289e+04    8.20755e+03   -4.22214e+04   -4.49200e+04
    Temperature Pres. DC (bar) Pressure (bar)   Constr. rmsd
    3.05333e+02   -1.92875e+02   -1.40364e+03    1.31377e-06

           Step           Time
          32000       64.00000

   Energies (kJ/mol)
           Bond          Angle    Proper Dih. Ryckaert-Bell.          LJ-14
    4.08867e+01    4.42677e+01    7.55860e+00   -2.29058e+01    4.27807e+01
     Coulomb-14        LJ (SR)  Disper. corr.   Coulomb (SR)   Coul. recip.
    6.08398e+02    9.71197e+03   -3.88018e+02   -6.05596e+04    3.21697e+02
 Position Rest.      Potential    Kinetic En.   Total Energy  Conserved En.
    1.01575e+01   -5.01828e+04    7.97540e+03   -4.22074e+04   -4.49150e+04
    Temperature Pres. DC (bar) Pressure (bar)   Constr. rmsd
    2.96697e+02   -1.92875e+02   -2.56197e+02    1.33123e-06

           Step           Time
          32500       65.00000

   Energies (kJ/mol)
           Bond          Angle    Proper Dih. Ryckaert-Bell.          LJ-14
    2.39909e+01    7.04733e+01    2.98026e+00   -2.63123e+01    3.96424e+01
     Coulomb-14        LJ (SR)  Disper. corr.   Coulomb (SR)   Coul. recip.
    6.17988e+02    9.28784e+03   -3.88018e+02   -6.04872e+04    2.88790e+02
 Position Rest.      Potential    Kinetic En.   Total Energy  Conserved En.
    1.37230e+01   -5.05562e+04    8.53873e+03   -4.20174e+04   -4.49221e+04
    Temperature Pres. DC (bar) Pressure (bar)   Constr. rmsd
    3.17654e+02   -1.92875e+02   -1.03721e+03    8.54410e-06

           Step           Time
          33000       66.00000

   Energies (kJ/mol)
           Bond          Angle    Proper Dih. Ryckaert-Bell.          LJ-14
    2.07784e+01    9.55698e+01    4.71892e+00   -3.44961e+01    3.91304e+01
     Coulomb-14        LJ (SR)  Disper. corr.   Coulomb (SR)   Coul. recip.
    6.07632e+02    8.99402e+03   -3.88018e+02   -5.96160e+04    3.00974e+02
 Position Rest.      Potential    Kinetic En.   Total Energy  Conserved En.
    1.22177e+01   -4.99634e+04    8.03188e+03   -4.19316e+04   -4.49197e+04
    Temperature Pres. DC (bar) Pressure (bar)   Constr. rmsd
    2.98798e+02   -1.92875e+02   -1.37926e+03    6.27350e-06

           Step           Time
          33500       67.00000

   Energies (kJ/mol)
           Bond          Angle    Proper Dih. Ryckaert-Bell.          LJ-14
    2.70163e+01    6.67675e+01    5.81503e+00   -1.15937e+01    4.80996e+01
     Coulomb-14        LJ (SR)  Disper. corr.   Coulomb (SR)   Coul. recip.
    6.29446e+02    9.21474e+03   -3.88018e+02   -5.99924e+04    2.92275e+02
 Position Rest.      Potential    Kinetic En.   Total Energy  Conserved En.
    1.97877e+01   -5.00880e+04    7.79388e+03   -4.22942e+04   -4.49104e+04
    Temperature Pres. DC (bar) Pressure (bar)   Constr. rmsd
    2.89944e+02   -1.92875e+02   -1.01717e+03    7.11153e-07

           Step           Time
          34000       68.00000

   Energies (kJ/mol)
           Bond          Angle    Proper Dih. Ryckaert-Bell.          LJ-14
    1.70583e+01    8.53900e+01    2.09133e+00   -2.50518e+01    3.63085e+01
     Coulomb-14        LJ (SR)  Disper. corr.   Coulomb (SR)   Coul. recip.
    6.14100e+02    9.45822e+03   -3.88018e+02   -6.03948e+04    2.63708e+02
 Position Rest.      Potential    Kinetic En.   Total Energy  Conserved En.
    2.19317e+01   -5.03090e+04    8.01824e+03   -4.22908e+04   -4.49132e+04
    Temperature Pres. DC (bar) Pressure (bar)   Constr. rmsd
    2.98290e+02   -1.92875e+02   -8.90572e+02    1.03511e-06

           Step           Time
          34500       69.00000

   Energies (kJ/mol)
           Bond          Angle    Proper Dih. Ryckaert-Bell.          LJ-14
    2.26871e+01    5.07064e+01    6.62831e+00   -1.16070e+01    4.08668e+01
     Coulomb-14        LJ (SR)  Disper. corr.   Coulomb (SR)   Coul. recip.
    5.97631e+02    9.30036e+03   -3.88018e+02   -6.04983e+04    2.63410e+02
 Position Rest.      Potential    Kinetic En.   Total Energy  Conserved En.
    1.33617e+01   -5.06023e+04    8.08656e+03   -4.25157e+04   -4.49161e+04
    Temperature Pres. DC (bar) Pressure (bar)   Constr. rmsd
    3.00832e+02   -1.92875e+02   -1.30602e+03    6.23968e-07

           Step           Time
          35000       70.00000

   Energies (kJ/mol)
           Bond          Angle    Proper Dih. Ryckaert-Bell.          LJ-14
    3.14443e+01    6.39084e+01    9.62394e+00   -1.73675e+01    2.81349e+01
     Coulomb-14        LJ (SR)  Disper. corr.   Coulomb (SR)   Coul. recip.
    6.03360e+02    9.60615e+03   -3.88018e+02   -6.07701e+04    2.80392e+02
 Position Rest.      Potential    Kinetic En.   Total Energy  Conserved En.
    1.36241e+01   -5.05389e+04    7.93148e+03   -4.26074e+04   -4.49134e+04
    Temperature Pres. DC (bar) Pressure (bar)   Constr. rmsd
    2.95063e+02   -1.92875e+02   -9.07825e+02    1.49955e-06

           Step           Time
          35500       71.00000

   Energies (kJ/mol)
           Bond          Angle    Proper Dih. Ryckaert-Bell.          LJ-14
    2.48543e+01    6.88215e+01    7.59977e+00   -1.49390e+01    3.98400e+01
     Coulomb-14        LJ (SR)  Disper. corr.   Coulomb (SR)   Coul. recip.
    6.18445e+02    9.61152e+03   -3.88018e+02   -6.06265e+04    2.70243e+02
 Position Rest.      Potential    Kinetic En.   Total Energy  Conserved En.
    1.01582e+01   -5.03780e+04    8.22510e+03   -4.21529e+04   -4.49141e+04
    Temperature Pres. DC (bar) Pressure (bar)   Constr. rmsd
    3.05986e+02   -1.92875e+02   -6.06583e+02    1.94381e-06

           Step           Time
          36000       72.00000

   Energies (kJ/mol)
           Bond          Angle    Proper Dih. Ryckaert-Bell.          LJ-14
    3.88371e+01    1.07804e+02    3.52998e+00   -1.83645e+01    4.09586e+01
     Coulomb-14        LJ (SR)  Disper. corr.   Coulomb (SR)   Coul. recip.
    6.28484e+02    9.06673e+03   -3.88018e+02   -5.96098e+04    2.78226e+02
 Position Rest.      Potential    Kinetic En.   Total Energy  Conserved En.
    1.49689e+01   -4.98367e+04    8.05990e+03   -4.17768e+04   -4.49131e+04
    Temperature Pres. DC (bar) Pressure (bar)   Constr. rmsd
    2.99840e+02   -1.92875e+02   -1.17287e+03    1.64191e-06

           Step           Time
          36500       73.00000

   Energies (kJ/mol)
           Bond          Angle    Proper Dih. Ryckaert-Bell.          LJ-14
    2.91415e+01    6.20677e+01    1.42041e+00   -1.46367e+01    3.64413e+01
     Coulomb-14        LJ (SR)  Disper. corr.   Coulomb (SR)   Coul. recip.
    6.15246e+02    9.32217e+03   -3.88018e+02   -6.02461e+04    2.72923e+02
 Position Rest.      Potential    Kinetic En.   Total Energy  Conserved En.
    2.33342e+01   -5.02860e+04    8.17458e+03   -4.21114e+04   -4.49193e+04
    Temperature Pres. DC (bar) Pressure (bar)   Constr. rmsd
    3.04107e+02   -1.92875e+02   -9.03654e+02    2.18179e-06

           Step           Time
          37000       74.00000

   Energies (kJ/mol)
           Bond          Angle    Proper Dih. Ryckaert-Bell.          LJ-14
    2.14099e+01    6.98282e+01    6.71825e+00   -2.88716e+01    5.00200e+01
     Coulomb-14        LJ (SR)  Disper. corr.   Coulomb (SR)   Coul. recip.
    6.28197e+02    9.31900e+03   -3.88018e+02   -6.04784e+04    2.69804e+02
 Position Rest.      Potential    Kinetic En.   Total Energy  Conserved En.
    1.76340e+01   -5.05127e+04    8.19788e+03   -4.23148e+04   -4.49194e+04
    Temperature Pres. DC (bar) Pressure (bar)   Constr. rmsd
    3.04973e+02   -1.92875e+02   -1.05505e+03    1.12666e-06

           Step           Time
          37500       75.00000

   Energies (kJ/mol)
           Bond          Angle    Proper Dih. Ryckaert-Bell.          LJ-14
    3.57530e+01    1.00694e+02    1.50973e+01   -3.07807e+01    3.71509e+01
     Coulomb-14        LJ (SR)  Disper. corr.   Coulomb (SR)   Coul. recip.
    6.31606e+02    9.75227e+03   -3.88018e+02   -6.07604e+04    2.83673e+02
 Position Rest.      Potential    Kinetic En.   Total Energy  Conserved En.
    2.19042e+01   -5.03011e+04    8.27079e+03   -4.20303e+04   -4.49177e+04
    Temperature Pres. DC (bar) Pressure (bar)   Constr. rmsd
    3.07686e+02   -1.92875e+02   -6.65939e+02    1.00832e-06

           Step           Time
          38000       76.00000

   Energies (kJ/mol)
           Bond          Angle    Proper Dih. Ryckaert-Bell.          LJ-14
    2.31605e+01    8.05254e+01    9.67081e+00   -1.78485e+01    4.30242e+01
     Coulomb-14        LJ (SR)  Disper. corr.   Coulomb (SR)   Coul. recip.
    6.20673e+02    9.48837e+03   -3.88018e+02   -6.03473e+04    2.74514e+02
 Position Rest.      Potential    Kinetic En.   Total Energy  Conserved En.
    1.74978e+01   -5.01958e+04    8.22324e+03   -4.19725e+04   -4.49195e+04
    Temperature Pres. DC (bar) Pressure (bar)   Constr. rmsd
    3.05917e+02   -1.92875e+02   -6.86604e+02    2.69135e-06

           Step           Time
          38500       77.00000

   Energies (kJ/mol)
           Bond          Angle    Proper Dih. Ryckaert-Bell.          LJ-14
    2.34924e+01    6.92901e+01    1.37631e+00   -3.09958e+01    4.51244e+01
     Coulomb-14        LJ (SR)  Disper. corr.   Coulomb (SR)   Coul. recip.
    6.17633e+02    9.46539e+03   -3.88018e+02   -6.04294e+04    2.68698e+02
 Position Rest.      Potential    Kinetic En.   Total Energy  Conserved En.
    1.75808e+01   -5.03398e+04    7.69370e+03   -4.26461e+04   -4.49146e+04
    Temperature Pres. DC (bar) Pressure (bar)   Constr. rmsd
    2.86217e+02   -1.92875e+02   -7.77280e+02    3.30442e-06

           Step           Time
          39000       78.00000

   Energies (kJ/mol)
           Bond          Angle    Proper Dih. Ryckaert-Bell.          LJ-14
    2.82034e+01    7.53337e+01    3.24482e+00   -2.17392e+01    3.84346e+01
     Coulomb-14        LJ (SR)  Disper. corr.   Coulomb (SR)   Coul. recip.
    6.33713e+02    9.49429e+03   -3.88018e+02   -6.03982e+04    2.93973e+02
 Position Rest.      Potential    Kinetic En.   Total Energy  Conserved En.
    1.03698e+01   -5.02304e+04    8.10677e+03   -4.21236e+04   -4.49141e+04
    Temperature Pres. DC (bar) Pressure (bar)   Constr. rmsd
    3.01584e+02   -1.92875e+02   -7.40013e+02    2.79806e-06

           Step           Time
          39500       79.00000

   Energies (kJ/mol)
           Bond          Angle    Proper Dih. Ryckaert-Bell.          LJ-14
    3.03770e+01    9.69279e+01    3.05497e+00   -3.79667e+01    4.69612e+01
     Coulomb-14        LJ (SR)  Disper. corr.   Coulomb (SR)   Coul. recip.
    6.27637e+02    9.83902e+03   -3.88018e+02   -6.09911e+04    2.94163e+02
 Position Rest.      Potential    Kinetic En.   Total Energy  Conserved En.
    1.22961e+01   -5.04667e+04    7.96831e+03   -4.24984e+04   -4.49118e+04
    Temperature Pres. DC (bar) Pressure (bar)   Constr. rmsd
    2.96433e+02   -1.92875e+02   -1.91484e+02    2.16964e-06

           Step           Time
          40000       80.00000

   Energies (kJ/mol)
           Bond          Angle    Proper Dih. Ryckaert-Bell.          LJ-14
    2.04807e+01    4.98978e+01    4.34307e+00   -2.02512e+01    3.82934e+01
     Coulomb-14        LJ (SR)  Disper. corr.   Coulomb (SR)   Coul. recip.
    6.08999e+02    9.46925e+03   -3.88018e+02   -6.04802e+04    2.85073e+02
 Position Rest.      Potential    Kinetic En.   Total Energy  Conserved En.
    1.20632e+01   -5.04001e+04    8.18703e+03   -4.22131e+04   -4.49125e+04
    Temperature Pres. DC (bar) Pressure (bar)   Constr. rmsd
    3.04569e+02   -1.92875e+02   -8.66906e+02    2.32233e-06

           Step           Time
          40500       81.00000

   Energies (kJ/mol)
           Bond          Angle    Proper Dih. Ryckaert-Bell.          LJ-14
    1.32377e+01    6.42957e+01    3.66855e+00   -1.78405e+01    3.79472e+01
     Coulomb-14        LJ (SR)  Disper. corr.   Coulomb (SR)   Coul. recip.
    6.23275e+02    9.52215e+03   -3.88018e+02   -6.04369e+04    2.98337e+02
 Position Rest.      Potential    Kinetic En.   Total Energy  Conserved En.
    2.24901e+01   -5.02573e+04    7.95271e+03   -4.23046e+04   -4.49113e+04
    Temperature Pres. DC (bar) Pressure (bar)   Constr. rmsd
    2.95852e+02   -1.92875e+02   -8.70193e+02    1.59779e-06

           Step           Time
          41000       82.00000

   Energies (kJ/mol)
           Bond          Angle    Proper Dih. Ryckaert-Bell.          LJ-14
    1.71698e+01    5.88716e+01    3.65966e+00   -1.55915e+01    5.02200e+01
     Coulomb-14        LJ (SR)  Disper. corr.   Coulomb (SR)   Coul. recip.
    6.32715e+02    9.48859e+03   -3.88018e+02   -6.06569e+04    2.91804e+02
 Position Rest.      Potential    Kinetic En.   Total Energy  Conserved En.
    1.61517e+01   -5.05014e+04    7.87085e+03   -4.26305e+04   -4.49112e+04
    Temperature Pres. DC (bar) Pressure (bar)   Constr. rmsd
    2.92807e+02   -1.92875e+02   -1.01430e+03    3.86334e-06

           Step           Time
          41500       83.00000

   Energies (kJ/mol)
           Bond          Angle    Proper Dih. Ryckaert-Bell.          LJ-14
    2.16173e+01    6.39360e+01    2.64653e+00   -3.22236e+01    2.99234e+01
     Coulomb-14        LJ (SR)  Disper. corr.   Coulomb (SR)   Coul. recip.
    5.99989e+02    9.65530e+03   -3.88018e+02   -6.10677e+04    2.87077e+02
 Position Rest.      Potential    Kinetic En.   Total Energy  Conserved En.
    1.13236e+01   -5.08162e+04    8.20555e+03   -4.26106e+04   -4.49087e+04
    Temperature Pres. DC (bar) Pressure (bar)   Constr. rmsd
    3.05259e+02   -1.92875e+02   -1.10170e+03    4.55062e-06

           Step           Time
          42000       84.00000

   Energies (kJ/mol)
           Bond          Angle    Proper Dih. Ryckaert-Bell.          LJ-14
    1.77258e+01    8.70485e+01    6.94634e+00   -2.17019e+01    3.63983e+01
     Coulomb-14        LJ (SR)  Disper. corr.   Coulomb (SR)   Coul. recip.
    5.99300e+02    9.25014e+03   -3.88018e+02   -5.99586e+04    2.86902e+02
 Position Rest.      Potential    Kinetic En.   Total Energy  Conserved En.
    1.51180e+01   -5.00688e+04    8.24298e+03   -4.18258e+04   -4.49081e+04
    Temperature Pres. DC (bar) Pressure (bar)   Constr. rmsd
    3.06651e+02   -1.92875e+02   -8.18885e+02    8.48497e-07

           Step           Time
          42500       85.00000

   Energies (kJ/mol)
           Bond          Angle    Proper Dih. Ryckaert-Bell.          LJ-14
    2.94914e+01    9.12809e+01    5.66858e+00   -1.81939e+01    3.87667e+01
     Coulomb-14        LJ (SR)  Disper. corr.   Coulomb (SR)   Coul. recip.
    6.29564e+02    9.44958e+03   -3.88018e+02   -6.01511e+04    2.78655e+02
 Position Rest.      Potential    Kinetic En.   Total Energy  Conserved En.
    1.43836e+01   -5.00199e+04    7.98002e+03   -4.20399e+04   -4.49056e+04
    Temperature Pres. DC (bar) Pressure (bar)   Constr. rmsd
    2.96868e+02   -1.92875e+02   -7.31401e+02    2.25592e-06

           Step           Time
          43000       86.00000

   Energies (kJ/mol)
           Bond          Angle    Proper Dih. Ryckaert-Bell.          LJ-14
    2.77027e+01    5.75475e+01    4.89254e+00   -1.33972e+01    4.48223e+01
     Coulomb-14        LJ (SR)  Disper. corr.   Coulomb (SR)   Coul. recip.
    6.15999e+02    9.42308e+03   -3.88018e+02   -6.04976e+04    2.89978e+02
 Position Rest.      Potential    Kinetic En.   Total Energy  Conserved En.
    2.04623e+01   -5.04145e+04    7.87728e+03   -4.25372e+04   -4.49022e+04
    Temperature Pres. DC (bar) Pressure (bar)   Constr. rmsd
    2.93047e+02   -1.92875e+02   -8.06219e+02    1.34994e-06

           Step           Time
          43500       87.00000

   Energies (kJ/mol)
           Bond          Angle    Proper Dih. Ryckaert-Bell.          LJ-14
    1.85559e+01    8.20299e+01    2.76294e-01   -2.29134e+01    4.08479e+01
     Coulomb-14        LJ (SR)  Disper. corr.   Coulomb (SR)   Coul. recip.
    6.22177e+02    9.62496e+03   -3.88018e+02   -6.06368e+04    2.66904e+02
 Position Rest.      Potential    Kinetic En.   Total Energy  Conserved En.
    1.83620e+01   -5.03736e+04    8.19610e+03   -4.21775e+04   -4.49048e+04
    Temperature Pres. DC (bar) Pressure (bar)   Constr. rmsd
    3.04907e+02   -1.92875e+02   -4.79603e+02    2.38935e-06

           Step           Time
          44000       88.00000

   Energies (kJ/mol)
           Bond          Angle    Proper Dih. Ryckaert-Bell.          LJ-14
    2.97320e+01    8.43740e+01    3.75446e+00   -2.82785e+01    3.31934e+01
     Coulomb-14        LJ (SR)  Disper. corr.   Coulomb (SR)   Coul. recip.
    6.12743e+02    9.61993e+03   -3.88018e+02   -6.10084e+04    3.08650e+02
 Position Rest.      Potential    Kinetic En.   Total Energy  Conserved En.
    2.55602e+01   -5.07068e+04    8.25616e+03   -4.24506e+04   -4.49076e+04
    Temperature Pres. DC (bar) Pressure (bar)   Constr. rmsd
    3.07141e+02   -1.92875e+02   -8.83451e+02    9.55863e-07

           Step           Time
          44500       89.00000

   Energies (kJ/mol)
           Bond          Angle    Proper Dih. Ryckaert-Bell.          LJ-14
    2.63581e+01    6.77871e+01    2.10377e+00   -3.10487e+01    3.76802e+01
     Coulomb-14        LJ (SR)  Disper. corr.   Coulomb (SR)   Coul. recip.
    6.03958e+02    9.68712e+03   -3.88018e+02   -6.07150e+04    2.91460e+02
 Position Rest.      Potential    Kinetic En.   Total Energy  Conserved En.
    1.68919e+01   -5.04007e+04    8.06423e+03   -4.23365e+04   -4.49066e+04
    Temperature Pres. DC (bar) Pressure (bar)   Constr. rmsd
    3.00001e+02   -1.92875e+02   -6.56038e+02    1.65573e-06

           Step           Time
          45000       90.00000

   Energies (kJ/mol)
           Bond          Angle    Proper Dih. Ryckaert-Bell.          LJ-14
    4.53483e+01    4.93243e+01    2.60675e+00   -3.24895e+01    4.82068e+01
     Coulomb-14        LJ (SR)  Disper. corr.   Coulomb (SR)   Coul. recip.
    6.16693e+02    9.68828e+03   -3.88018e+02   -6.06566e+04    2.82645e+02
 Position Rest.      Potential    Kinetic En.   Total Energy  Conserved En.
    1.41465e+01   -5.03299e+04    8.21025e+03   -4.21196e+04   -4.49033e+04
    Temperature Pres. DC (bar) Pressure (bar)   Constr. rmsd
    3.05434e+02   -1.92875e+02   -5.72184e+02    1.16774e-06

           Step           Time
          45500       91.00000

   Energies (kJ/mol)
           Bond          Angle    Proper Dih. Ryckaert-Bell.          LJ-14
    2.80668e+01    8.94853e+01    2.95698e+00   -2.93638e+01    4.55991e+01
     Coulomb-14        LJ (SR)  Disper. corr.   Coulomb (SR)   Coul. recip.
    6.25911e+02    9.92108e+03   -3.88018e+02   -6.09544e+04    2.85157e+02
 Position Rest.      Potential    Kinetic En.   Total Energy  Conserved En.
    1.71860e+01   -5.03564e+04    8.04489e+03   -4.23115e+04   -4.49023e+04
    Temperature Pres. DC (bar) Pressure (bar)   Constr. rmsd
    2.99282e+02   -1.92875e+02   -7.94706e+01    3.57815e-06

           Step           Time
          46000       92.00000

   Energies (kJ/mol)
           Bond          Angle    Proper Dih. Ryckaert-Bell.          LJ-14
    2.73449e+01    6.33293e+01    1.96660e-01   -2.11616e+01    4.59137e+01
     Coulomb-14        LJ (SR)  Disper. corr.   Coulomb (SR)   Coul. recip.
    6.11916e+02    9.53225e+03   -3.88018e+02   -6.02066e+04    2.89473e+02
 Position Rest.      Potential    Kinetic En.   Total Energy  Conserved En.
    2.04951e+01   -5.00248e+04    8.10995e+03   -4.19149e+04   -4.49034e+04
    Temperature Pres. DC (bar) Pressure (bar)   Constr. rmsd
    3.01702e+02   -1.92875e+02   -2.44150e+02    2.08280e-06

           Step           Time
          46500       93.00000

   Energies (kJ/mol)
           Bond          Angle    Proper Dih. Ryckaert-Bell.          LJ-14
    3.72674e+01    9.37206e+01    4.76953e+00   -1.41587e+01    3.59117e+01
     Coulomb-14        LJ (SR)  Disper. corr.   Coulomb (SR)   Coul. recip.
    6.14259e+02    9.58917e+03   -3.88018e+02   -6.03019e+04    2.70341e+02
 Position Rest.      Potential    Kinetic En.   Total Energy  Conserved En.
    1.50434e+01   -5.00436e+04    8.34211e+03   -4.17015e+04   -4.49069e+04
    Temperature Pres. DC (bar) Pressure (bar)   Constr. rmsd
    3.10339e+02   -1.92875e+02   -3.92614e+02    3.64117e-06

           Step           Time
          47000       94.00000

   Energies (kJ/mol)
           Bond          Angle    Proper Dih. Ryckaert-Bell.          LJ-14
    2.69784e+01    6.76150e+01    3.81020e+00   -1.46962e+01    5.41130e+01
     Coulomb-14        LJ (SR)  Disper. corr.   Coulomb (SR)   Coul. recip.
    6.17553e+02    9.52645e+03   -3.88018e+02   -6.04767e+04    2.64029e+02
 Position Rest.      Potential    Kinetic En.   Total Energy  Conserved En.
    1.30474e+01   -5.03059e+04    8.17292e+03   -4.21329e+04   -4.49082e+04
    Temperature Pres. DC (bar) Pressure (bar)   Constr. rmsd
    3.04045e+02   -1.92875e+02   -5.56277e+02    8.99110e-06

           Step           Time
          47500       95.00000

   Energies (kJ/mol)
           Bond          Angle    Proper Dih. Ryckaert-Bell.          LJ-14
    1.53042e+01    6.62996e+01    3.47352e+00   -2.51531e+01    4.75639e+01
     Coulomb-14        LJ (SR)  Disper. corr.   Coulomb (SR)   Coul. recip.
    6.22841e+02    9.68434e+03   -3.88018e+02   -6.08432e+04    2.88461e+02
 Position Rest.      Potential    Kinetic En.   Total Energy  Conserved En.
    1.25171e+01   -5.05156e+04    8.02071e+03   -4.24949e+04   -4.49095e+04
    Temperature Pres. DC (bar) Pressure (bar)   Constr. rmsd
    2.98382e+02   -1.92875e+02   -5.36366e+02    4.62184e-06

           Step           Time
          48000       96.00000

   Energies (kJ/mol)
           Bond          Angle    Proper Dih. Ryckaert-Bell.          LJ-14
    2.62820e+01    7.51246e+01    6.49142e+00   -2.05342e+01    3.86084e+01
     Coulomb-14        LJ (SR)  Disper. corr.   Coulomb (SR)   Coul. recip.
    6.12919e+02    9.37813e+03   -3.88018e+02   -6.02222e+04    2.59487e+02
 Position Rest.      Potential    Kinetic En.   Total Energy  Conserved En.
    9.34053e+00   -5.02244e+04    8.15055e+03   -4.20738e+04   -4.49057e+04
    Temperature Pres. DC (bar) Pressure (bar)   Constr. rmsd
    3.03213e+02   -1.92875e+02   -9.68703e+02    4.71311e-06

           Step           Time
          48500       97.00000

   Energies (kJ/mol)
           Bond          Angle    Proper Dih. Ryckaert-Bell.          LJ-14
    6.56196e+00    6.83621e+01    5.96978e+00   -2.71116e+01    4.39532e+01
     Coulomb-14        LJ (SR)  Disper. corr.   Coulomb (SR)   Coul. recip.
    6.18320e+02    9.19978e+03   -3.88018e+02   -6.02118e+04    2.68732e+02
 Position Rest.      Potential    Kinetic En.   Total Energy  Conserved En.
    1.06741e+01   -5.04046e+04    7.76221e+03   -4.26424e+04   -4.49084e+04
    Temperature Pres. DC (bar) Pressure (bar)   Constr. rmsd
    2.88766e+02   -1.92875e+02   -1.21695e+03    2.81214e-06

           Step           Time
          49000       98.00000

   Energies (kJ/mol)
           Bond          Angle    Proper Dih. Ryckaert-Bell.          LJ-14
    2.11179e+01    7.65582e+01    2.64670e+00   -2.24997e+01    5.63414e+01
     Coulomb-14        LJ (SR)  Disper. corr.   Coulomb (SR)   Coul. recip.
    6.38739e+02    9.45999e+03   -3.88018e+02   -6.02357e+04    2.74223e+02
 Position Rest.      Potential    Kinetic En.   Total Energy  Conserved En.
    2.31588e+01   -5.00934e+04    8.38488e+03   -4.17086e+04   -4.49071e+04
    Temperature Pres. DC (bar) Pressure (bar)   Constr. rmsd
    3.11930e+02   -1.92875e+02   -4.22686e+02    3.73512e-06

           Step           Time
          49500       99.00000

   Energies (kJ/mol)
           Bond          Angle    Proper Dih. Ryckaert-Bell.          LJ-14
    1.31856e+01    8.79215e+01    2.16978e+00   -2.65007e+01    4.00091e+01
     Coulomb-14        LJ (SR)  Disper. corr.   Coulomb (SR)   Coul. recip.
    5.98576e+02    9.25217e+03   -3.88018e+02   -6.01554e+04    2.79241e+02
 Position Rest.      Potential    Kinetic En.   Total Energy  Conserved En.
    2.02404e+01   -5.02764e+04    8.05308e+03   -4.22233e+04   -4.49019e+04
    Temperature Pres. DC (bar) Pressure (bar)   Constr. rmsd
    2.99586e+02   -1.92875e+02   -1.12736e+03    2.72334e-06

           Step           Time
          50000      100.00000

Writing checkpoint, step 50000 at Thu Oct 22 19:27:33 2020


   Energies (kJ/mol)
           Bond          Angle    Proper Dih. Ryckaert-Bell.          LJ-14
    8.16827e+00    9.01111e+01    9.09567e+00   -2.62252e+01    3.10106e+01
     Coulomb-14        LJ (SR)  Disper. corr.   Coulomb (SR)   Coul. recip.
    5.99557e+02    9.07779e+03   -3.88018e+02   -6.00079e+04    2.56500e+02
 Position Rest.      Potential    Kinetic En.   Total Energy  Conserved En.
    1.19640e+01   -5.03379e+04    8.06418e+03   -4.22737e+04   -4.49044e+04
    Temperature Pres. DC (bar) Pressure (bar)   Constr. rmsd
    3.00000e+02   -1.92875e+02   -1.36459e+03    1.44779e-06


	<======  ###############  ==>
	<====  A V E R A G E S  ====>
	<==  ###############  ======>

	Statistics over 50001 steps using 501 frames

   Energies (kJ/mol)
           Bond          Angle    Proper Dih. Ryckaert-Bell.          LJ-14
    2.53949e+01    7.44749e+01    4.02315e+00   -2.19605e+01    4.16035e+01
     Coulomb-14        LJ (SR)  Disper. corr.   Coulomb (SR)   Coul. recip.
    6.18742e+02    9.49502e+03   -3.88018e+02   -6.05009e+04    2.81117e+02
 Position Rest.      Potential    Kinetic En.   Total Energy  Conserved En.
    1.77501e+01   -5.03528e+04    8.06835e+03   -4.22844e+04   -4.49177e+04
    Temperature Pres. DC (bar) Pressure (bar)   Constr. rmsd
    3.00154e+02   -1.92875e+02   -7.81157e+02    0.00000e+00

   Total Virial (kJ/mol)
    3.44494e+03    4.15098e+00    1.87348e+01
    4.13710e+00    3.47613e+03    3.24272e+00
    1.87163e+01    3.23544e+00    3.50745e+03

   Pressure (bar)
   -7.42131e+02    1.16884e+00   -1.54194e+01
    1.18262e+00   -7.84866e+02   -1.21318e+01
   -1.54011e+01   -1.21246e+01   -8.16472e+02

      T-Protein  T-non-Protein
    3.04240e+02    3.00096e+02


	M E G A - F L O P S   A C C O U N T I N G

 NB=Group-cutoff nonbonded kernels    NxN=N-by-N cluster Verlet kernels
 RF=Reaction-Field  VdW=Van der Waals  QSTab=quadratic-spline table
 W3=SPC/TIP3p  W4=TIP4p (single or pairs)
 V&F=Potential and force  V=Potential only  F=Force only

 Computing:                               M-Number         M-Flops  % Flops
-----------------------------------------------------------------------------
 Pair Search distance check            1214.223538       10928.012     0.3
 NxN QSTab Elec. + LJ [F]             39132.295896     1604424.132    49.8
 NxN QSTab Elec. + LJ [V&F]             396.040480       23366.388     0.7
 NxN QSTab Elec. [F]                  37962.877352     1290737.830    40.1
 NxN QSTab Elec. [V&F]                  384.184432       15751.562     0.5
 1,4 nonbonded interactions               4.150083         373.507     0.0
 Calc Weights                           483.759675       17415.348     0.5
 Spread Q Bspline                     10320.206400       20640.413     0.6
 Gather F Bspline                     10320.206400       61921.238     1.9
 3D-FFT                               19015.080294      152120.642     4.7
 Solve PME                               28.800576        1843.237     0.1
 Shift-X                                  4.034475          24.207     0.0
 Bonds                                    0.900018          53.101     0.0
 Angles                                   3.000060         504.010     0.0
 Propers                                  0.250005          57.251     0.0
 RB-Dihedrals                             3.250065         802.766     0.0
 Pos. Restr.                              0.950019          47.501     0.0
 Virial                                   1.638270          29.489     0.0
 Stop-CM                                  1.618950          16.189     0.0
 Calc-Ekin                               32.256450         870.924     0.0
 Lincs                                    0.850051          51.003     0.0
 Lincs-Mat                                3.600216          14.401     0.0
 Constraint-V                           161.156446        1289.252     0.0
 Constraint-Vir                           1.606206          38.549     0.0
 Settle                                  53.153189       17168.480     0.5
-----------------------------------------------------------------------------
 Total                                                 3220489.433   100.0
-----------------------------------------------------------------------------


     R E A L   C Y C L E   A N D   T I M E   A C C O U N T I N G

On 1 MPI rank, each using 2 OpenMP threads

 Computing:          Num   Num      Call    Wall time         Giga-Cycles
                     Ranks Threads  Count      (s)         total sum    %
-----------------------------------------------------------------------------
 Neighbor search        1    2       1251       4.645         21.318   3.0
 Force                  1    2      50001     125.349        575.272  79.8
 PME mesh               1    2      50001      22.622        103.822  14.4
 NB X/F buffer ops.     1    2      98751       1.441          6.612   0.9
 Write traj.            1    2        101       0.118          0.544   0.1
 Update                 1    2      50001       0.668          3.067   0.4
 Constraints            1    2      50003       1.902          8.727   1.2
 Rest                                           0.367          1.682   0.2
-----------------------------------------------------------------------------
 Total                                        157.112        721.043 100.0
-----------------------------------------------------------------------------
 Breakdown of PME mesh computation
-----------------------------------------------------------------------------
 PME spread             1    2      50001       6.678         30.647   4.3
 PME gather             1    2      50001       8.342         38.285   5.3
 PME 3D-FFT             1    2     100002       6.472         29.704   4.1
 PME solve Elec         1    2      50001       1.029          4.722   0.7
-----------------------------------------------------------------------------

               Core t (s)   Wall t (s)        (%)
       Time:      314.224      157.112      200.0
                 (ns/day)    (hour/ns)
Performance:       54.994        0.436
Finished mdrun on rank 0 Thu Oct 22 19:27:33 2020

